[easypay-verification][${env:SERVER_PORT}] 2021-09-30 11:17:47,781 INFO [main][StartupInfoLogger.java:50] - Starting SailingBootstrap on DESKTOP-1MC8497 with PID 7540 (C:\Users\shaoshuai\IdeaProjects\easypay\easypay-verification\target\classes started by shaoshuai in C:\Users\shaoshuai\IdeaProjects\easypay)
[easypay-verification][${env:SERVER_PORT}] 2021-09-30 11:17:47,789 INFO [main][SpringApplication.java:675] - No active profile set, falling back to default profiles: default
[easypay-verification][${env:SERVER_PORT}] 2021-09-30 11:17:48,983 INFO [main][RepositoryConfigurationDelegate.java:244] - Multiple Spring Data modules found, entering strict repository configuration mode!
[easypay-verification][${env:SERVER_PORT}] 2021-09-30 11:17:48,987 INFO [main][RepositoryConfigurationDelegate.java:126] - Bootstrapping Spring Data repositories in DEFAULT mode.
[easypay-verification][${env:SERVER_PORT}] 2021-09-30 11:17:49,044 INFO [main][RepositoryConfigurationDelegate.java:182] - Finished Spring Data repository scanning in 44ms. Found 0 repository interfaces.
[easypay-verification][${env:SERVER_PORT}] 2021-09-30 11:17:49,612 INFO [main][TomcatWebServer.java:90] - Tomcat initialized with port(s): 56085 (http)
[easypay-verification][${env:SERVER_PORT}] 2021-09-30 11:17:49,630 INFO [main][DirectJDKLog.java:173] - Initializing ProtocolHandler ["http-nio-56085"]
[easypay-verification][${env:SERVER_PORT}] 2021-09-30 11:17:49,639 INFO [main][DirectJDKLog.java:173] - Starting service [Tomcat]
[easypay-verification][${env:SERVER_PORT}] 2021-09-30 11:17:49,640 INFO [main][DirectJDKLog.java:173] - Starting Servlet engine: [Apache Tomcat/9.0.16]
[easypay-verification][${env:SERVER_PORT}] 2021-09-30 11:17:49,694 INFO [main][DirectJDKLog.java:173] - The APR based Apache Tomcat Native library which allows optimal performance in production environments was not found on the java.library.path: [D:\dev\Java\jdk1.8.0_301\bin;C:\Windows\Sun\Java\bin;C:\Windows\system32;C:\Windows;C:\Windows\system32;C:\Windows;C:\Windows\System32\Wbem;C:\Windows\System32\WindowsPowerShell\v1.0\;C:\Windows\System32\OpenSSH\;D:\dev\Java\jdk1.8.0_301\bin;D:\DEV\Git\cmd;D:\dev\mysql57\mysql-5.7.34-winx64\bin;C:\Users\shaoshuai\AppData\Local\Microsoft\WindowsApps;;D:\dev\JetBrains\IntelliJ IDEA 2021.2.2\bin;;.]
[easypay-verification][${env:SERVER_PORT}] 2021-09-30 11:17:49,816 INFO [main][DirectJDKLog.java:173] - Initializing Spring embedded WebApplicationContext
[easypay-verification][${env:SERVER_PORT}] 2021-09-30 11:17:49,816 INFO [main][ServletWebServerApplicationContext.java:296] - Root WebApplicationContext: initialization completed in 1996 ms
[easypay-verification][${env:SERVER_PORT}] 2021-09-30 11:17:50,608 INFO [main][EndpointLinksResolver.java:59] - Exposing 2 endpoint(s) beneath base path '/actuator'
[easypay-verification][${env:SERVER_PORT}] 2021-09-30 11:17:50,685 INFO [main][PropertySourcedRequestMappingHandlerMapping.java:69] - Mapped URL path [/v2/api-docs] onto method [public org.springframework.http.ResponseEntity<springfox.documentation.spring.web.json.Json> springfox.documentation.swagger2.web.Swagger2Controller.getDocumentation(java.lang.String,javax.servlet.http.HttpServletRequest)]
[easypay-verification][${env:SERVER_PORT}] 2021-09-30 11:17:50,804 INFO [main][ExecutorConfigurationSupport.java:171] - Initializing ExecutorService 'applicationTaskExecutor'
[easypay-verification][${env:SERVER_PORT}] 2021-09-30 11:17:51,082 INFO [main][DocumentationPluginsBootstrapper.java:160] - Context refreshed
[easypay-verification][${env:SERVER_PORT}] 2021-09-30 11:17:51,102 INFO [main][DocumentationPluginsBootstrapper.java:163] - Found 1 custom documentation plugin(s)
[easypay-verification][${env:SERVER_PORT}] 2021-09-30 11:17:51,133 INFO [main][ApiListingReferenceScanner.java:41] - Scanning for api listing references
[easypay-verification][${env:SERVER_PORT}] 2021-09-30 11:17:51,155 INFO [main][DirectJDKLog.java:173] - Starting ProtocolHandler ["http-nio-56085"]
[easypay-verification][${env:SERVER_PORT}] 2021-09-30 11:17:51,175 INFO [main][TomcatWebServer.java:204] - Tomcat started on port(s): 56085 (http) with context path '/sailing'
[easypay-verification][${env:SERVER_PORT}] 2021-09-30 11:17:51,178 INFO [main][StartupInfoLogger.java:59] - Started SailingBootstrap in 3.774 seconds (JVM running for 5.384)
[easypay-verification][${env:SERVER_PORT}] 2021-09-30 11:17:51,884 INFO [RMI TCP Connection(1)-172.16.42.117][EpollProvider.java:68] - Starting without optional epoll library
[easypay-verification][${env:SERVER_PORT}] 2021-09-30 11:17:51,887 INFO [RMI TCP Connection(1)-172.16.42.117][KqueueProvider.java:70] - Starting without optional kqueue library
[easypay-verification][${env:SERVER_PORT}] 2021-09-30 11:17:51,971 INFO [RMI TCP Connection(3)-172.16.42.117][DirectJDKLog.java:173] - Initializing Spring DispatcherServlet 'dispatcherServlet'
[easypay-verification][${env:SERVER_PORT}] 2021-09-30 11:17:51,971 INFO [RMI TCP Connection(3)-172.16.42.117][FrameworkServlet.java:524] - Initializing Servlet 'dispatcherServlet'
[easypay-verification][${env:SERVER_PORT}] 2021-09-30 11:17:51,978 INFO [RMI TCP Connection(3)-172.16.42.117][FrameworkServlet.java:546] - Completed initialization in 7 ms
