[${project.name}][${env:SERVER_PORT}] 2021-10-11 16:35:02,962 INFO [main][StartupInfoLogger.java:50] - Starting SailingBootstrap on DESKTOP-1MC8497 with PID 17788 (C:\Users\shaoshuai\IdeaProjects\easypay\sailing\target\classes started by shaoshuai in C:\Users\shaoshuai\IdeaProjects\easypay)
[${project.name}][${env:SERVER_PORT}] 2021-10-11 16:35:02,971 INFO [main][SpringApplication.java:675] - No active profile set, falling back to default profiles: default
[${project.name}][${env:SERVER_PORT}] 2021-10-11 16:35:04,059 INFO [main][RepositoryConfigurationDelegate.java:244] - Multiple Spring Data modules found, entering strict repository configuration mode!
[${project.name}][${env:SERVER_PORT}] 2021-10-11 16:35:04,063 INFO [main][RepositoryConfigurationDelegate.java:126] - Bootstrapping Spring Data repositories in DEFAULT mode.
[${project.name}][${env:SERVER_PORT}] 2021-10-11 16:35:04,110 INFO [main][RepositoryConfigurationDelegate.java:182] - Finished Spring Data repository scanning in 33ms. Found 0 repository interfaces.
[${project.name}][${env:SERVER_PORT}] 2021-10-11 16:35:04,664 INFO [main][TomcatWebServer.java:90] - Tomcat initialized with port(s): 56085 (http)
[${project.name}][${env:SERVER_PORT}] 2021-10-11 16:35:04,678 INFO [main][DirectJDKLog.java:173] - Initializing ProtocolHandler ["http-nio-56085"]
[${project.name}][${env:SERVER_PORT}] 2021-10-11 16:35:04,689 INFO [main][DirectJDKLog.java:173] - Starting service [Tomcat]
[${project.name}][${env:SERVER_PORT}] 2021-10-11 16:35:04,690 INFO [main][DirectJDKLog.java:173] - Starting Servlet engine: [Apache Tomcat/9.0.16]
[${project.name}][${env:SERVER_PORT}] 2021-10-11 16:35:04,743 INFO [main][DirectJDKLog.java:173] - The APR based Apache Tomcat Native library which allows optimal performance in production environments was not found on the java.library.path: [D:\dev\Java\jdk1.8.0_301\bin;C:\Windows\Sun\Java\bin;C:\Windows\system32;C:\Windows;C:\Windows\system32;C:\Windows;C:\Windows\System32\Wbem;C:\Windows\System32\WindowsPowerShell\v1.0\;C:\Windows\System32\OpenSSH\;D:\dev\Java\jdk1.8.0_301\bin;D:\DEV\Git\cmd;D:\dev\mysql57\mysql-5.7.34-winx64\bin;C:\Program Files\nodejs\;C:\Program Files (x86)\Yarn\bin\;C:\Users\shaoshuai\AppData\Local\Microsoft\WindowsApps;;D:\dev\JetBrains\IntelliJ IDEA 2021.2.2\bin;;C:\Users\shaoshuai\AppData\Local\Programs\Microsoft VS Code\bin;C:\Users\shaoshuai\AppData\Roaming\npm;C:\Users\shaoshuai\AppData\Local\Yarn\bin;.]
[${project.name}][${env:SERVER_PORT}] 2021-10-11 16:35:04,871 INFO [main][DirectJDKLog.java:173] - Initializing Spring embedded WebApplicationContext
[${project.name}][${env:SERVER_PORT}] 2021-10-11 16:35:04,872 INFO [main][ServletWebServerApplicationContext.java:296] - Root WebApplicationContext: initialization completed in 1866 ms
[${project.name}][${env:SERVER_PORT}] 2021-10-11 16:35:05,669 INFO [main][EndpointLinksResolver.java:59] - Exposing 2 endpoint(s) beneath base path '/actuator'
[${project.name}][${env:SERVER_PORT}] 2021-10-11 16:35:05,742 INFO [main][PropertySourcedRequestMappingHandlerMapping.java:69] - Mapped URL path [/v2/api-docs] onto method [public org.springframework.http.ResponseEntity<springfox.documentation.spring.web.json.Json> springfox.documentation.swagger2.web.Swagger2Controller.getDocumentation(java.lang.String,javax.servlet.http.HttpServletRequest)]
[${project.name}][${env:SERVER_PORT}] 2021-10-11 16:35:05,882 INFO [main][ExecutorConfigurationSupport.java:171] - Initializing ExecutorService 'applicationTaskExecutor'
[${project.name}][${env:SERVER_PORT}] 2021-10-11 16:35:06,167 INFO [main][DocumentationPluginsBootstrapper.java:160] - Context refreshed
[${project.name}][${env:SERVER_PORT}] 2021-10-11 16:35:06,190 INFO [main][DocumentationPluginsBootstrapper.java:163] - Found 1 custom documentation plugin(s)
[${project.name}][${env:SERVER_PORT}] 2021-10-11 16:35:06,223 INFO [main][ApiListingReferenceScanner.java:41] - Scanning for api listing references
[${project.name}][${env:SERVER_PORT}] 2021-10-11 16:35:06,249 INFO [main][DirectJDKLog.java:173] - Starting ProtocolHandler ["http-nio-56085"]
[${project.name}][${env:SERVER_PORT}] 2021-10-11 16:35:06,274 INFO [main][TomcatWebServer.java:204] - Tomcat started on port(s): 56085 (http) with context path '/sailing'
[${project.name}][${env:SERVER_PORT}] 2021-10-11 16:35:06,277 INFO [main][StartupInfoLogger.java:59] - Started SailingBootstrap in 3.843 seconds (JVM running for 5.285)
[${project.name}][${env:SERVER_PORT}] 2021-10-11 16:35:07,015 INFO [RMI TCP Connection(1)-172.16.42.120][EpollProvider.java:68] - Starting without optional epoll library
[${project.name}][${env:SERVER_PORT}] 2021-10-11 16:35:07,017 INFO [RMI TCP Connection(1)-172.16.42.120][KqueueProvider.java:70] - Starting without optional kqueue library
[${project.name}][${env:SERVER_PORT}] 2021-10-11 16:35:07,118 INFO [RMI TCP Connection(3)-172.16.42.120][DirectJDKLog.java:173] - Initializing Spring DispatcherServlet 'dispatcherServlet'
[${project.name}][${env:SERVER_PORT}] 2021-10-11 16:35:07,118 INFO [RMI TCP Connection(3)-172.16.42.120][FrameworkServlet.java:524] - Initializing Servlet 'dispatcherServlet'
[${project.name}][${env:SERVER_PORT}] 2021-10-11 16:35:07,124 INFO [RMI TCP Connection(3)-172.16.42.120][FrameworkServlet.java:546] - Completed initialization in 6 ms
