[${project.name}][${env:SERVER_PORT}] 2021-10-11 18:55:14,191 INFO [main][StartupInfoLogger.java:50] - Starting SailingBootstrap on DESKTOP-1MC8497 with PID 3364 (C:\Users\shaoshuai\IdeaProjects\easypay\sailing\target\classes started by shaoshuai in C:\Users\shaoshuai\IdeaProjects\easypay)
[${project.name}][${env:SERVER_PORT}] 2021-10-11 18:55:14,198 INFO [main][SpringApplication.java:675] - No active profile set, falling back to default profiles: default
[${project.name}][${env:SERVER_PORT}] 2021-10-11 18:55:15,167 INFO [main][RepositoryConfigurationDelegate.java:244] - Multiple Spring Data modules found, entering strict repository configuration mode!
[${project.name}][${env:SERVER_PORT}] 2021-10-11 18:55:15,170 INFO [main][RepositoryConfigurationDelegate.java:126] - Bootstrapping Spring Data repositories in DEFAULT mode.
[${project.name}][${env:SERVER_PORT}] 2021-10-11 18:55:15,212 INFO [main][RepositoryConfigurationDelegate.java:182] - Finished Spring Data repository scanning in 29ms. Found 0 repository interfaces.
[${project.name}][${env:SERVER_PORT}] 2021-10-11 18:55:15,735 INFO [main][TomcatWebServer.java:90] - Tomcat initialized with port(s): 56085 (http)
[${project.name}][${env:SERVER_PORT}] 2021-10-11 18:55:15,749 INFO [main][DirectJDKLog.java:173] - Initializing ProtocolHandler ["http-nio-56085"]
[${project.name}][${env:SERVER_PORT}] 2021-10-11 18:55:15,756 INFO [main][DirectJDKLog.java:173] - Starting service [Tomcat]
[${project.name}][${env:SERVER_PORT}] 2021-10-11 18:55:15,756 INFO [main][DirectJDKLog.java:173] - Starting Servlet engine: [Apache Tomcat/9.0.16]
[${project.name}][${env:SERVER_PORT}] 2021-10-11 18:55:15,808 INFO [main][DirectJDKLog.java:173] - The APR based Apache Tomcat Native library which allows optimal performance in production environments was not found on the java.library.path: [D:\dev\Java\jdk1.8.0_301\bin;C:\Windows\Sun\Java\bin;C:\Windows\system32;C:\Windows;C:\Windows\system32;C:\Windows;C:\Windows\System32\Wbem;C:\Windows\System32\WindowsPowerShell\v1.0\;C:\Windows\System32\OpenSSH\;D:\dev\Java\jdk1.8.0_301\bin;D:\DEV\Git\cmd;D:\dev\mysql57\mysql-5.7.34-winx64\bin;C:\Program Files\nodejs\;C:\Program Files (x86)\Yarn\bin\;C:\Users\shaoshuai\AppData\Local\Microsoft\WindowsApps;;D:\dev\JetBrains\IntelliJ IDEA 2021.2.2\bin;;C:\Users\shaoshuai\AppData\Local\Programs\Microsoft VS Code\bin;C:\Users\shaoshuai\AppData\Roaming\npm;C:\Users\shaoshuai\AppData\Local\Yarn\bin;.]
[${project.name}][${env:SERVER_PORT}] 2021-10-11 18:55:15,928 INFO [main][DirectJDKLog.java:173] - Initializing Spring embedded WebApplicationContext
[${project.name}][${env:SERVER_PORT}] 2021-10-11 18:55:15,928 INFO [main][ServletWebServerApplicationContext.java:296] - Root WebApplicationContext: initialization completed in 1700 ms
[${project.name}][${env:SERVER_PORT}] 2021-10-11 18:55:16,679 INFO [main][EndpointLinksResolver.java:59] - Exposing 2 endpoint(s) beneath base path '/actuator'
[${project.name}][${env:SERVER_PORT}] 2021-10-11 18:55:16,746 INFO [main][PropertySourcedRequestMappingHandlerMapping.java:69] - Mapped URL path [/v2/api-docs] onto method [public org.springframework.http.ResponseEntity<springfox.documentation.spring.web.json.Json> springfox.documentation.swagger2.web.Swagger2Controller.getDocumentation(java.lang.String,javax.servlet.http.HttpServletRequest)]
[${project.name}][${env:SERVER_PORT}] 2021-10-11 18:55:16,867 INFO [main][ExecutorConfigurationSupport.java:171] - Initializing ExecutorService 'applicationTaskExecutor'
[${project.name}][${env:SERVER_PORT}] 2021-10-11 18:55:17,141 INFO [main][DocumentationPluginsBootstrapper.java:160] - Context refreshed
[${project.name}][${env:SERVER_PORT}] 2021-10-11 18:55:17,160 INFO [main][DocumentationPluginsBootstrapper.java:163] - Found 1 custom documentation plugin(s)
[${project.name}][${env:SERVER_PORT}] 2021-10-11 18:55:17,189 INFO [main][ApiListingReferenceScanner.java:41] - Scanning for api listing references
[${project.name}][${env:SERVER_PORT}] 2021-10-11 18:55:17,210 INFO [main][DirectJDKLog.java:173] - Starting ProtocolHandler ["http-nio-56085"]
[${project.name}][${env:SERVER_PORT}] 2021-10-11 18:55:17,230 INFO [main][TomcatWebServer.java:204] - Tomcat started on port(s): 56085 (http) with context path '/sailing'
[${project.name}][${env:SERVER_PORT}] 2021-10-11 18:55:17,233 INFO [main][StartupInfoLogger.java:59] - Started SailingBootstrap in 3.483 seconds (JVM running for 4.836)
[${project.name}][${env:SERVER_PORT}] 2021-10-11 18:55:17,831 INFO [RMI TCP Connection(2)-172.16.42.120][DirectJDKLog.java:173] - Initializing Spring DispatcherServlet 'dispatcherServlet'
[${project.name}][${env:SERVER_PORT}] 2021-10-11 18:55:17,831 INFO [RMI TCP Connection(2)-172.16.42.120][FrameworkServlet.java:524] - Initializing Servlet 'dispatcherServlet'
[${project.name}][${env:SERVER_PORT}] 2021-10-11 18:55:17,838 INFO [RMI TCP Connection(2)-172.16.42.120][FrameworkServlet.java:546] - Completed initialization in 7 ms
[${project.name}][${env:SERVER_PORT}] 2021-10-11 18:55:17,951 INFO [RMI TCP Connection(1)-172.16.42.120][EpollProvider.java:68] - Starting without optional epoll library
[${project.name}][${env:SERVER_PORT}] 2021-10-11 18:55:17,955 INFO [RMI TCP Connection(1)-172.16.42.120][KqueueProvider.java:70] - Starting without optional kqueue library
[${project.name}][${env:SERVER_PORT}] 2021-10-11 18:55:34,712 INFO [http-nio-56085-exec-1][QCloudSmsService.java:37] - 给手机号null发送验证码：341894
[${project.name}][${env:SERVER_PORT}] 2021-10-11 18:55:37,230 WARN [http-nio-56085-exec-1][QCloudSmsService.java:49] - QCloud return: {"result":1012,"errmsg":"\u7B7E\u540D\u683C\u5F0F\u9519\u8BEF\u6216\u8005\u7B7E\u540D\u672A\u5BA1\u6279","ext":"","isocode":"CN"}
[${project.name}][${env:SERVER_PORT}] 2021-10-11 18:56:58,431 INFO [http-nio-56085-exec-3][QCloudSmsService.java:37] - 给手机号13298100103发送验证码：364061
[${project.name}][${env:SERVER_PORT}] 2021-10-11 18:56:58,955 WARN [http-nio-56085-exec-3][QCloudSmsService.java:49] - QCloud return: {"result":1012,"errmsg":"\u7B7E\u540D\u683C\u5F0F\u9519\u8BEF\u6216\u8005\u7B7E\u540D\u672A\u5BA1\u6279","ext":"","isocode":"CN"}
[${project.name}][${env:SERVER_PORT}] 2021-10-11 18:58:00,951 INFO [http-nio-56085-exec-7][QCloudSmsService.java:37] - 给手机号13298100103发送验证码：613388
[${project.name}][${env:SERVER_PORT}] 2021-10-11 18:58:01,256 WARN [http-nio-56085-exec-7][QCloudSmsService.java:49] - QCloud return: {"result":1012,"errmsg":"\u7B7E\u540D\u683C\u5F0F\u9519\u8BEF\u6216\u8005\u7B7E\u540D\u672A\u5BA1\u6279","ext":"","isocode":"CN"}
[${project.name}][${env:SERVER_PORT}] 2021-10-11 18:58:05,656 INFO [http-nio-56085-exec-6][QCloudSmsService.java:37] - 给手机号13298100103发送验证码：183099
[${project.name}][${env:SERVER_PORT}] 2021-10-11 18:58:06,144 WARN [http-nio-56085-exec-6][QCloudSmsService.java:49] - QCloud return: {"result":1012,"errmsg":"\u7B7E\u540D\u683C\u5F0F\u9519\u8BEF\u6216\u8005\u7B7E\u540D\u672A\u5BA1\u6279","ext":"","isocode":"CN"}
