[easypay-transaction-service] 2021-10-19 17:32:38,298 INFO [main][AbstractTestContextBootstrapper.java:308] - Neither @ContextConfiguration nor @ContextHierarchy found for test class [ink.breakpoint.easypay.transaction.TestPayChannelService], using SpringBootContextLoader
[easypay-transaction-service] 2021-10-19 17:32:38,309 INFO [main][AbstractContextLoader.java:264] - Could not detect default resource locations for test class [ink.breakpoint.easypay.transaction.TestPayChannelService]: no resource found for suffixes {-context.xml, Context.groovy}.
[easypay-transaction-service] 2021-10-19 17:32:38,310 INFO [main][AnnotationConfigContextLoaderUtils.java:83] - Could not detect default configuration classes for test class [ink.breakpoint.easypay.transaction.TestPayChannelService]: TestPayChannelService does not declare any static, non-private, non-final, nested classes annotated with @Configuration.
[easypay-transaction-service] 2021-10-19 17:32:38,400 INFO [main][SpringBootTestContextBootstrapper.java:247] - Found @SpringBootConfiguration ink.breakpoint.easypay.transaction.TransactionBootstrap for test class ink.breakpoint.easypay.transaction.TestPayChannelService
[easypay-transaction-service] 2021-10-19 17:32:38,489 INFO [main][AbstractTestContextBootstrapper.java:248] - Loaded default TestExecutionListener class names from location [META-INF/spring.factories]: [org.springframework.boot.test.mock.mockito.MockitoTestExecutionListener, org.springframework.boot.test.mock.mockito.ResetMocksTestExecutionListener, org.springframework.boot.test.autoconfigure.restdocs.RestDocsTestExecutionListener, org.springframework.boot.test.autoconfigure.web.client.MockRestServiceServerResetTestExecutionListener, org.springframework.boot.test.autoconfigure.web.servlet.MockMvcPrintOnlyOnFailureTestExecutionListener, org.springframework.boot.test.autoconfigure.web.servlet.WebDriverTestExecutionListener, org.springframework.test.context.web.ServletTestExecutionListener, org.springframework.test.context.support.DirtiesContextBeforeModesTestExecutionListener, org.springframework.test.context.support.DependencyInjectionTestExecutionListener, org.springframework.test.context.support.DirtiesContextTestExecutionListener, org.springframework.test.context.transaction.TransactionalTestExecutionListener, org.springframework.test.context.jdbc.SqlScriptsTestExecutionListener]
[easypay-transaction-service] 2021-10-19 17:32:38,507 INFO [main][AbstractTestContextBootstrapper.java:177] - Using TestExecutionListeners: [org.springframework.test.context.web.ServletTestExecutionListener@17d919b6, org.springframework.test.context.support.DirtiesContextBeforeModesTestExecutionListener@53f3bdbd, org.springframework.boot.test.mock.mockito.MockitoTestExecutionListener@34129c78, org.springframework.boot.test.autoconfigure.SpringBootDependencyInjectionTestExecutionListener@7d61eb55, org.springframework.test.context.support.DirtiesContextTestExecutionListener@222a59e6, org.springframework.test.context.transaction.TransactionalTestExecutionListener@6c7a164b, org.springframework.test.context.jdbc.SqlScriptsTestExecutionListener@4c2bb6e0, org.springframework.boot.test.mock.mockito.ResetMocksTestExecutionListener@3e62d773, org.springframework.boot.test.autoconfigure.restdocs.RestDocsTestExecutionListener@4ef74c30, org.springframework.boot.test.autoconfigure.web.client.MockRestServiceServerResetTestExecutionListener@7283d3eb, org.springframework.boot.test.autoconfigure.web.servlet.MockMvcPrintOnlyOnFailureTestExecutionListener@638ef7ed, org.springframework.boot.test.autoconfigure.web.servlet.WebDriverTestExecutionListener@4bff7da0]
[easypay-transaction-service] 2021-10-19 17:32:38,993 INFO [main][:] - using logger: org.apache.dubbo.common.logger.slf4j.Slf4jLoggerAdapter
[easypay-transaction-service] 2021-10-19 17:32:38,995 INFO [main][WelcomeLogoApplicationListener.java:63] - 

 :: Dubbo Spring Boot (v2.7.1) : https://github.com/apache/incubator-dubbo-spring-boot-project
 :: Dubbo (v2.7.3) : https://github.com/apache/incubator-dubbo
 :: Discuss group : dev@dubbo.apache.org

[easypay-transaction-service] 2021-10-19 17:32:39,002 INFO [main][OverrideDubboConfigApplicationListener.java:68] - Dubbo Config was overridden by externalized configuration {dubbo.application.name=transaction-service, dubbo.application.qos-enable=false, dubbo.application.qos.port=22250, dubbo.config.multiple=true, dubbo.consumer.check=false, dubbo.consumer.retries=-1, dubbo.consumer.timeout=3000, dubbo.protocol.name=dubbo, dubbo.protocol.port=20893, dubbo.registry.address=nacos://127.0.0.1:8848, dubbo.scan.base-packages=ink.breakpoint.easypay}
[easypay-transaction-service] 2021-10-19 17:32:39,266 INFO [main][PostProcessorRegistrationDelegate.java:330] - Bean 'org.springframework.cloud.autoconfigure.ConfigurationPropertiesRebinderAutoConfiguration' of type [org.springframework.cloud.autoconfigure.ConfigurationPropertiesRebinderAutoConfiguration$$EnhancerBySpringCGLIB$$f67b8cf6] is not eligible for getting processed by all BeanPostProcessors (for example: not eligible for auto-proxying)
[easypay-transaction-service] 2021-10-19 17:32:39,324 INFO [pool-3-thread-1][AwaitingNonWebApplicationListener.java:140] -  [Dubbo] Current Spring Boot Application is await...
[easypay-transaction-service] 2021-10-19 17:32:39,597 INFO [main][OverrideDubboConfigApplicationListener.java:68] - Dubbo Config was overridden by externalized configuration {dubbo.application.name=transaction-service, dubbo.application.qos-enable=false, dubbo.application.qos.port=22250, dubbo.config.multiple=true, dubbo.consumer.check=false, dubbo.consumer.retries=-1, dubbo.consumer.timeout=3000, dubbo.protocol.name=dubbo, dubbo.protocol.port=20893, dubbo.registry.address=nacos://127.0.0.1:8848, dubbo.scan.base-packages=ink.breakpoint.easypay}
[easypay-transaction-service] 2021-10-19 17:32:39,887 INFO [main][NacosPropertySourceBuilder.java:87] - Loading nacos data, dataId: 'spring-boot-http.yaml', group: 'COMMON_GROUP'
[easypay-transaction-service] 2021-10-19 17:32:39,892 INFO [main][NacosPropertySourceBuilder.java:87] - Loading nacos data, dataId: 'spring-boot-starter-druid.yaml', group: 'COMMON_GROUP'
[easypay-transaction-service] 2021-10-19 17:32:39,896 INFO [main][NacosPropertySourceBuilder.java:87] - Loading nacos data, dataId: 'spring-boot-mybatis-plus.yaml', group: 'COMMON_GROUP'
[easypay-transaction-service] 2021-10-19 17:32:39,898 INFO [main][NacosPropertySourceBuilder.java:87] - Loading nacos data, dataId: 'spring-boot-redis.yaml', group: 'COMMON_GROUP'
[easypay-transaction-service] 2021-10-19 17:32:39,899 ERROR [main][NacosPropertySourceBuilder.java:109] - parse data from Nacos error,dataId:spring-boot-redis.yaml,data:spring:
	redis:
  # Redis?????????0?
  		database: 0
  		host: 127.0.0.1
  		port: 6379
  # ??????????
  		timeout: 1000ms
  		# password: 123456
  		lettuce:
   			pool:
    # ????? ?????
    			max-idle: 8
    # ????? ?????
    			min-idle: 0
    # ??? ????????????????
    			max-active: 8
    # ??? ???????????????????
    			max-wait: 1000ms
   			shutdown-timeout: 1000ms	,
while scanning for the next token
found character '\t(TAB)' that cannot start any token. (Do not use \t(TAB) for indentation)
 in 'reader', line 2, column 1:
    	redis:
    ^

	at org.yaml.snakeyaml.scanner.ScannerImpl.fetchMoreTokens(ScannerImpl.java:419)
	at org.yaml.snakeyaml.scanner.ScannerImpl.checkToken(ScannerImpl.java:227)
	at org.yaml.snakeyaml.parser.ParserImpl$ParseBlockMappingValue.produce(ParserImpl.java:586)
	at org.yaml.snakeyaml.parser.ParserImpl.peekEvent(ParserImpl.java:158)
	at org.yaml.snakeyaml.parser.ParserImpl.checkEvent(ParserImpl.java:148)
	at org.yaml.snakeyaml.composer.Composer.composeNode(Composer.java:124)
	at org.yaml.snakeyaml.composer.Composer.composeValueNode(Composer.java:236)
	at org.yaml.snakeyaml.composer.Composer.composeMappingChildren(Composer.java:227)
	at org.yaml.snakeyaml.composer.Composer.composeMappingNode(Composer.java:215)
	at org.yaml.snakeyaml.composer.Composer.composeNode(Composer.java:144)
	at org.yaml.snakeyaml.composer.Composer.getNode(Composer.java:85)
	at org.yaml.snakeyaml.constructor.BaseConstructor.getData(BaseConstructor.java:123)
	at org.yaml.snakeyaml.Yaml$1.next(Yaml.java:547)
	at org.springframework.beans.factory.config.YamlProcessor.process(YamlProcessor.java:161)
	at org.springframework.beans.factory.config.YamlProcessor.process(YamlProcessor.java:134)
	at org.springframework.beans.factory.config.YamlPropertiesFactoryBean.createProperties(YamlPropertiesFactoryBean.java:135)
	at org.springframework.beans.factory.config.YamlPropertiesFactoryBean.getObject(YamlPropertiesFactoryBean.java:115)
	at com.alibaba.cloud.nacos.client.NacosPropertySourceBuilder.loadNacosData(NacosPropertySourceBuilder.java:100)
	at com.alibaba.cloud.nacos.client.NacosPropertySourceBuilder.build(NacosPropertySourceBuilder.java:75)
	at com.alibaba.cloud.nacos.client.NacosPropertySourceLocator.loadNacosDataIfPresent(NacosPropertySourceLocator.java:179)
	at com.alibaba.cloud.nacos.client.NacosPropertySourceLocator.loadExtConfiguration(NacosPropertySourceLocator.java:129)
	at com.alibaba.cloud.nacos.client.NacosPropertySourceLocator.locate(NacosPropertySourceLocator.java:87)
	at org.springframework.cloud.bootstrap.config.PropertySourceBootstrapConfiguration.initialize(PropertySourceBootstrapConfiguration.java:94)
	at org.springframework.boot.SpringApplication.applyInitializers(SpringApplication.java:649)
	at org.springframework.boot.SpringApplication.prepareContext(SpringApplication.java:373)
	at org.springframework.boot.SpringApplication.run(SpringApplication.java:314)
	at org.springframework.boot.test.context.SpringBootContextLoader.loadContext(SpringBootContextLoader.java:127)
	at org.springframework.test.context.cache.DefaultCacheAwareContextLoaderDelegate.loadContextInternal(DefaultCacheAwareContextLoaderDelegate.java:99)
	at org.springframework.test.context.cache.DefaultCacheAwareContextLoaderDelegate.loadContext(DefaultCacheAwareContextLoaderDelegate.java:117)
	at org.springframework.test.context.support.DefaultTestContext.getApplicationContext(DefaultTestContext.java:108)
	at org.springframework.test.context.web.ServletTestExecutionListener.setUpRequestContextIfNecessary(ServletTestExecutionListener.java:190)
	at org.springframework.test.context.web.ServletTestExecutionListener.prepareTestInstance(ServletTestExecutionListener.java:132)
	at org.springframework.test.context.TestContextManager.prepareTestInstance(TestContextManager.java:246)
	at org.springframework.test.context.junit4.SpringJUnit4ClassRunner.createTest(SpringJUnit4ClassRunner.java:227)
	at org.springframework.test.context.junit4.SpringJUnit4ClassRunner$1.runReflectiveCall(SpringJUnit4ClassRunner.java:289)
	at org.junit.internal.runners.model.ReflectiveCallable.run(ReflectiveCallable.java:12)
	at org.springframework.test.context.junit4.SpringJUnit4ClassRunner.methodBlock(SpringJUnit4ClassRunner.java:291)
	at org.springframework.test.context.junit4.SpringJUnit4ClassRunner.runChild(SpringJUnit4ClassRunner.java:246)
	at org.springframework.test.context.junit4.SpringJUnit4ClassRunner.runChild(SpringJUnit4ClassRunner.java:97)
	at org.junit.runners.ParentRunner$3.run(ParentRunner.java:290)
	at org.junit.runners.ParentRunner$1.schedule(ParentRunner.java:71)
	at org.junit.runners.ParentRunner.runChildren(ParentRunner.java:288)
	at org.junit.runners.ParentRunner.access$000(ParentRunner.java:58)
	at org.junit.runners.ParentRunner$2.evaluate(ParentRunner.java:268)
	at org.springframework.test.context.junit4.statements.RunBeforeTestClassCallbacks.evaluate(RunBeforeTestClassCallbacks.java:61)
	at org.springframework.test.context.junit4.statements.RunAfterTestClassCallbacks.evaluate(RunAfterTestClassCallbacks.java:70)
	at org.junit.runners.ParentRunner.run(ParentRunner.java:363)
	at org.springframework.test.context.junit4.SpringJUnit4ClassRunner.run(SpringJUnit4ClassRunner.java:190)
	at org.junit.runner.JUnitCore.run(JUnitCore.java:137)
	at com.intellij.junit4.JUnit4IdeaTestRunner.startRunnerWithArgs(JUnit4IdeaTestRunner.java:69)
	at com.intellij.rt.junit.IdeaTestRunner$Repeater.startRunnerWithArgs(IdeaTestRunner.java:33)
	at com.intellij.rt.junit.JUnitStarter.prepareStreamsAndStart(JUnitStarter.java:235)
	at com.intellij.rt.junit.JUnitStarter.main(JUnitStarter.java:54)
[easypay-transaction-service] 2021-10-19 17:32:40,097 INFO [main][NacosPropertySourceBuilder.java:87] - Loading nacos data, dataId: 'spring-boot-redis.yaml', group: 'COMMON_GROUP'
[easypay-transaction-service] 2021-10-19 17:32:40,098 ERROR [main][NacosPropertySourceBuilder.java:109] - parse data from Nacos error,dataId:spring-boot-redis.yaml,data:spring:
	redis:
  # Redis?????????0?
  		database: 0
  		host: 127.0.0.1
  		port: 6379
  # ??????????
  		timeout: 1000ms
  		# password: 123456
  		lettuce:
   			pool:
    # ????? ?????
    			max-idle: 8
    # ????? ?????
    			min-idle: 0
    # ??? ????????????????
    			max-active: 8
    # ??? ???????????????????
    			max-wait: 1000ms
   			shutdown-timeout: 1000ms	,
while scanning for the next token
found character '\t(TAB)' that cannot start any token. (Do not use \t(TAB) for indentation)
 in 'reader', line 2, column 1:
    	redis:
    ^

	at org.yaml.snakeyaml.scanner.ScannerImpl.fetchMoreTokens(ScannerImpl.java:419)
	at org.yaml.snakeyaml.scanner.ScannerImpl.checkToken(ScannerImpl.java:227)
	at org.yaml.snakeyaml.parser.ParserImpl$ParseBlockMappingValue.produce(ParserImpl.java:586)
	at org.yaml.snakeyaml.parser.ParserImpl.peekEvent(ParserImpl.java:158)
	at org.yaml.snakeyaml.parser.ParserImpl.checkEvent(ParserImpl.java:148)
	at org.yaml.snakeyaml.composer.Composer.composeNode(Composer.java:124)
	at org.yaml.snakeyaml.composer.Composer.composeValueNode(Composer.java:236)
	at org.yaml.snakeyaml.composer.Composer.composeMappingChildren(Composer.java:227)
	at org.yaml.snakeyaml.composer.Composer.composeMappingNode(Composer.java:215)
	at org.yaml.snakeyaml.composer.Composer.composeNode(Composer.java:144)
	at org.yaml.snakeyaml.composer.Composer.getNode(Composer.java:85)
	at org.yaml.snakeyaml.constructor.BaseConstructor.getData(BaseConstructor.java:123)
	at org.yaml.snakeyaml.Yaml$1.next(Yaml.java:547)
	at org.springframework.beans.factory.config.YamlProcessor.process(YamlProcessor.java:161)
	at org.springframework.beans.factory.config.YamlProcessor.process(YamlProcessor.java:134)
	at org.springframework.beans.factory.config.YamlPropertiesFactoryBean.createProperties(YamlPropertiesFactoryBean.java:135)
	at org.springframework.beans.factory.config.YamlPropertiesFactoryBean.getObject(YamlPropertiesFactoryBean.java:115)
	at com.alibaba.cloud.nacos.client.NacosPropertySourceBuilder.loadNacosData(NacosPropertySourceBuilder.java:100)
	at com.alibaba.cloud.nacos.client.NacosPropertySourceBuilder.build(NacosPropertySourceBuilder.java:75)
	at com.alibaba.cloud.nacos.client.NacosPropertySourceLocator.loadNacosDataIfPresent(NacosPropertySourceLocator.java:179)
	at com.alibaba.cloud.nacos.client.NacosPropertySourceLocator.loadExtConfiguration(NacosPropertySourceLocator.java:129)
	at com.alibaba.cloud.nacos.client.NacosPropertySourceLocator.locate(NacosPropertySourceLocator.java:87)
	at org.springframework.cloud.bootstrap.config.PropertySourceBootstrapConfiguration.initialize(PropertySourceBootstrapConfiguration.java:94)
	at org.springframework.boot.SpringApplication.applyInitializers(SpringApplication.java:649)
	at org.springframework.boot.SpringApplication.prepareContext(SpringApplication.java:373)
	at org.springframework.boot.SpringApplication.run(SpringApplication.java:314)
	at org.springframework.boot.test.context.SpringBootContextLoader.loadContext(SpringBootContextLoader.java:127)
	at org.springframework.test.context.cache.DefaultCacheAwareContextLoaderDelegate.loadContextInternal(DefaultCacheAwareContextLoaderDelegate.java:99)
	at org.springframework.test.context.cache.DefaultCacheAwareContextLoaderDelegate.loadContext(DefaultCacheAwareContextLoaderDelegate.java:117)
	at org.springframework.test.context.support.DefaultTestContext.getApplicationContext(DefaultTestContext.java:108)
	at org.springframework.test.context.web.ServletTestExecutionListener.setUpRequestContextIfNecessary(ServletTestExecutionListener.java:190)
	at org.springframework.test.context.web.ServletTestExecutionListener.prepareTestInstance(ServletTestExecutionListener.java:132)
	at org.springframework.test.context.TestContextManager.prepareTestInstance(TestContextManager.java:246)
	at org.springframework.test.context.junit4.SpringJUnit4ClassRunner.createTest(SpringJUnit4ClassRunner.java:227)
	at org.springframework.test.context.junit4.SpringJUnit4ClassRunner$1.runReflectiveCall(SpringJUnit4ClassRunner.java:289)
	at org.junit.internal.runners.model.ReflectiveCallable.run(ReflectiveCallable.java:12)
	at org.springframework.test.context.junit4.SpringJUnit4ClassRunner.methodBlock(SpringJUnit4ClassRunner.java:291)
	at org.springframework.test.context.junit4.SpringJUnit4ClassRunner.runChild(SpringJUnit4ClassRunner.java:246)
	at org.springframework.test.context.junit4.SpringJUnit4ClassRunner.runChild(SpringJUnit4ClassRunner.java:97)
	at org.junit.runners.ParentRunner$3.run(ParentRunner.java:290)
	at org.junit.runners.ParentRunner$1.schedule(ParentRunner.java:71)
	at org.junit.runners.ParentRunner.runChildren(ParentRunner.java:288)
	at org.junit.runners.ParentRunner.access$000(ParentRunner.java:58)
	at org.junit.runners.ParentRunner$2.evaluate(ParentRunner.java:268)
	at org.springframework.test.context.junit4.statements.RunBeforeTestClassCallbacks.evaluate(RunBeforeTestClassCallbacks.java:61)
	at org.springframework.test.context.junit4.statements.RunAfterTestClassCallbacks.evaluate(RunAfterTestClassCallbacks.java:70)
	at org.junit.runners.ParentRunner.run(ParentRunner.java:363)
	at org.springframework.test.context.junit4.SpringJUnit4ClassRunner.run(SpringJUnit4ClassRunner.java:190)
	at org.junit.runner.JUnitCore.run(JUnitCore.java:137)
	at com.intellij.junit4.JUnit4IdeaTestRunner.startRunnerWithArgs(JUnit4IdeaTestRunner.java:69)
	at com.intellij.rt.junit.IdeaTestRunner$Repeater.startRunnerWithArgs(IdeaTestRunner.java:33)
	at com.intellij.rt.junit.JUnitStarter.prepareStreamsAndStart(JUnitStarter.java:235)
	at com.intellij.rt.junit.JUnitStarter.main(JUnitStarter.java:54)
[easypay-transaction-service] 2021-10-19 17:32:40,100 INFO [main][NacosPropertySourceBuilder.java:87] - Loading nacos data, dataId: 'transaction-service.yaml', group: 'EASYPAY_GROUP'
[easypay-transaction-service] 2021-10-19 17:32:40,101 INFO [main][PropertySourceBootstrapConfiguration.java:98] - Located property source: CompositePropertySource {name='NACOS', propertySources=[NacosPropertySource {name='transaction-service.yaml'}, NacosPropertySource {name='spring-boot-redis.yaml'}, NacosPropertySource {name='spring-boot-mybatis-plus.yaml'}, NacosPropertySource {name='spring-boot-starter-druid.yaml'}, NacosPropertySource {name='spring-boot-http.yaml'}]}
[easypay-transaction-service] 2021-10-19 17:32:40,126 INFO [main][SpringApplication.java:675] - No active profile set, falling back to default profiles: default
[easypay-transaction-service] 2021-10-19 17:32:40,690 WARN [main][EndpointId.java:135] - Endpoint ID 'nacos-config' contains invalid characters, please migrate to a valid format.
[easypay-transaction-service] 2021-10-19 17:32:40,692 WARN [main][EndpointId.java:135] - Endpoint ID 'nacos-discovery' contains invalid characters, please migrate to a valid format.
[easypay-transaction-service] 2021-10-19 17:32:40,714 INFO [main][DubboConfigBindingRegistrar.java:127] - The dubbo config bean definition [name : org.apache.dubbo.config.ApplicationConfig#0, class : org.apache.dubbo.config.ApplicationConfig] has been registered.
[easypay-transaction-service] 2021-10-19 17:32:40,714 INFO [main][DubboConfigBindingRegistrar.java:151] - The BeanPostProcessor bean definition [org.apache.dubbo.config.spring.beans.factory.annotation.DubboConfigBindingBeanPostProcessor] for dubbo config bean [name : org.apache.dubbo.config.ApplicationConfig#0] has been registered.
[easypay-transaction-service] 2021-10-19 17:32:40,714 INFO [main][DubboConfigBindingRegistrar.java:127] - The dubbo config bean definition [name : org.apache.dubbo.config.RegistryConfig#0, class : org.apache.dubbo.config.RegistryConfig] has been registered.
[easypay-transaction-service] 2021-10-19 17:32:40,714 INFO [main][DubboConfigBindingRegistrar.java:151] - The BeanPostProcessor bean definition [org.apache.dubbo.config.spring.beans.factory.annotation.DubboConfigBindingBeanPostProcessor] for dubbo config bean [name : org.apache.dubbo.config.RegistryConfig#0] has been registered.
[easypay-transaction-service] 2021-10-19 17:32:40,715 INFO [main][DubboConfigBindingRegistrar.java:127] - The dubbo config bean definition [name : org.apache.dubbo.config.ProtocolConfig#0, class : org.apache.dubbo.config.ProtocolConfig] has been registered.
[easypay-transaction-service] 2021-10-19 17:32:40,715 INFO [main][DubboConfigBindingRegistrar.java:151] - The BeanPostProcessor bean definition [org.apache.dubbo.config.spring.beans.factory.annotation.DubboConfigBindingBeanPostProcessor] for dubbo config bean [name : org.apache.dubbo.config.ProtocolConfig#0] has been registered.
[easypay-transaction-service] 2021-10-19 17:32:40,715 INFO [main][DubboConfigBindingRegistrar.java:127] - The dubbo config bean definition [name : org.apache.dubbo.config.ConsumerConfig#0, class : org.apache.dubbo.config.ConsumerConfig] has been registered.
[easypay-transaction-service] 2021-10-19 17:32:40,715 INFO [main][DubboConfigBindingRegistrar.java:151] - The BeanPostProcessor bean definition [org.apache.dubbo.config.spring.beans.factory.annotation.DubboConfigBindingBeanPostProcessor] for dubbo config bean [name : org.apache.dubbo.config.ConsumerConfig#0] has been registered.
[easypay-transaction-service] 2021-10-19 17:32:40,823 INFO [main][RepositoryConfigurationDelegate.java:244] - Multiple Spring Data modules found, entering strict repository configuration mode!
[easypay-transaction-service] 2021-10-19 17:32:40,825 INFO [main][RepositoryConfigurationDelegate.java:126] - Bootstrapping Spring Data repositories in DEFAULT mode.
[easypay-transaction-service] 2021-10-19 17:32:40,852 INFO [main][RepositoryConfigurationDelegate.java:182] - Finished Spring Data repository scanning in 17ms. Found 0 repository interfaces.
[easypay-transaction-service] 2021-10-19 17:32:40,917 WARN [main][EndpointId.java:135] - Endpoint ID 'service-registry' contains invalid characters, please migrate to a valid format.
[easypay-transaction-service] 2021-10-19 17:32:40,981 INFO [main][ServiceAnnotationBeanPostProcessor.java:204] -  [DUBBO] BeanNameGenerator bean can't be found in BeanFactory with name [org.springframework.context.annotation.internalConfigurationBeanNameGenerator], dubbo version: 2.7.3, current host: 172.16.42.102
[easypay-transaction-service] 2021-10-19 17:32:40,981 INFO [main][ServiceAnnotationBeanPostProcessor.java:206] -  [DUBBO] BeanNameGenerator will be a instance of org.springframework.context.annotation.AnnotationBeanNameGenerator , it maybe a potential problem on bean name generation., dubbo version: 2.7.3, current host: 172.16.42.102
[easypay-transaction-service] 2021-10-19 17:32:41,001 INFO [main][ServiceAnnotationBeanPostProcessor.java:284] -  [DUBBO] The BeanDefinition[Root bean: class [org.apache.dubbo.config.spring.ServiceBean]; scope=; abstract=false; lazyInit=false; autowireMode=0; dependencyCheck=0; autowireCandidate=true; primary=false; factoryBeanName=null; factoryMethodName=null; initMethodName=null; destroyMethodName=null] of ServiceBean has been registered with name : ServiceBean:ink.breakpoint.easypay.transaction.api.PayChannelService, dubbo version: 2.7.3, current host: 172.16.42.102
[easypay-transaction-service] 2021-10-19 17:32:41,001 INFO [main][ServiceAnnotationBeanPostProcessor.java:161] -  [DUBBO] 1 annotated Dubbo's @Service Components { [Bean definition with name 'payChannelServiceImpl': Generic bean: class [ink.breakpoint.easypay.transaction.service.PayChannelServiceImpl]; scope=; abstract=false; lazyInit=false; autowireMode=0; dependencyCheck=0; autowireCandidate=true; primary=false; factoryBeanName=null; factoryMethodName=null; initMethodName=null; destroyMethodName=null; defined in file [D:\IdeaProjects\easypay\easypay-transaction\easypay-transaction-service\target\classes\ink\breakpoint\easypay\transaction\service\PayChannelServiceImpl.class]] } were scanned under package[ink.breakpoint.easypay], dubbo version: 2.7.3, current host: 172.16.42.102
[easypay-transaction-service] 2021-10-19 17:32:41,005 INFO [main][ConfigurationClassPostProcessor.java:380] - Cannot enhance @Configuration bean definition 'org.apache.dubbo.spring.boot.autoconfigure.DubboRelaxedBinding2AutoConfiguration' since its singleton instance has been created too early. The typical cause is a non-static @Bean method with a BeanDefinitionRegistryPostProcessor return type: Consider declaring such methods as 'static'.
[easypay-transaction-service] 2021-10-19 17:32:41,006 INFO [main][ConfigurationClassPostProcessor.java:380] - Cannot enhance @Configuration bean definition 'org.apache.dubbo.spring.boot.autoconfigure.DubboAutoConfiguration' since its singleton instance has been created too early. The typical cause is a non-static @Bean method with a BeanDefinitionRegistryPostProcessor return type: Consider declaring such methods as 'static'.
[easypay-transaction-service] 2021-10-19 17:32:41,144 INFO [main][GenericScope.java:294] - BeanFactory id=a09ec301-426e-3420-b424-5815fccd3746
[easypay-transaction-service] 2021-10-19 17:32:41,210 INFO [main][PostProcessorRegistrationDelegate.java:330] - Bean 'com.alibaba.druid.spring.boot.autoconfigure.stat.DruidSpringAopConfiguration' of type [com.alibaba.druid.spring.boot.autoconfigure.stat.DruidSpringAopConfiguration] is not eligible for getting processed by all BeanPostProcessors (for example: not eligible for auto-proxying)
[easypay-transaction-service] 2021-10-19 17:32:41,297 INFO [main][PostProcessorRegistrationDelegate.java:330] - Bean 'org.springframework.transaction.annotation.ProxyTransactionManagementConfiguration' of type [org.springframework.transaction.annotation.ProxyTransactionManagementConfiguration$$EnhancerBySpringCGLIB$$da6189f9] is not eligible for getting processed by all BeanPostProcessors (for example: not eligible for auto-proxying)
[easypay-transaction-service] 2021-10-19 17:32:41,388 INFO [main][PostProcessorRegistrationDelegate.java:330] - Bean 'spring.datasource.druid-com.alibaba.druid.spring.boot.autoconfigure.properties.DruidStatProperties' of type [com.alibaba.druid.spring.boot.autoconfigure.properties.DruidStatProperties] is not eligible for getting processed by all BeanPostProcessors (for example: not eligible for auto-proxying)
[easypay-transaction-service] 2021-10-19 17:32:41,396 INFO [main][PostProcessorRegistrationDelegate.java:330] - Bean 'advisor' of type [org.springframework.aop.support.RegexpMethodPointcutAdvisor] is not eligible for getting processed by all BeanPostProcessors (for example: not eligible for auto-proxying)
[easypay-transaction-service] 2021-10-19 17:32:41,399 INFO [main][PostProcessorRegistrationDelegate.java:330] - Bean 'com.alibaba.cloud.dubbo.autoconfigure.DubboOpenFeignAutoConfiguration' of type [com.alibaba.cloud.dubbo.autoconfigure.DubboOpenFeignAutoConfiguration$$EnhancerBySpringCGLIB$$5e22d8fd] is not eligible for getting processed by all BeanPostProcessors (for example: not eligible for auto-proxying)
[easypay-transaction-service] 2021-10-19 17:32:41,409 INFO [main][PostProcessorRegistrationDelegate.java:330] - Bean 'dubbo.cloud-com.alibaba.cloud.dubbo.env.DubboCloudProperties' of type [com.alibaba.cloud.dubbo.env.DubboCloudProperties] is not eligible for getting processed by all BeanPostProcessors (for example: not eligible for auto-proxying)
[easypay-transaction-service] 2021-10-19 17:32:41,421 INFO [main][PostProcessorRegistrationDelegate.java:330] - Bean 'metadataJsonResolver' of type [com.alibaba.cloud.dubbo.metadata.resolver.DubboServiceBeanMetadataResolver] is not eligible for getting processed by all BeanPostProcessors (for example: not eligible for auto-proxying)
[easypay-transaction-service] 2021-10-19 17:32:41,429 INFO [main][PostProcessorRegistrationDelegate.java:330] - Bean 'org.apache.dubbo.config.ApplicationConfig#0' of type [org.apache.dubbo.config.ApplicationConfig] is not eligible for getting processed by all BeanPostProcessors (for example: not eligible for auto-proxying)
[easypay-transaction-service] 2021-10-19 17:32:41,433 INFO [main][PostProcessorRegistrationDelegate.java:330] - Bean 'dubboProtocolConfigSupplier' of type [com.alibaba.cloud.dubbo.metadata.DubboProtocolConfigSupplier] is not eligible for getting processed by all BeanPostProcessors (for example: not eligible for auto-proxying)
[easypay-transaction-service] 2021-10-19 17:32:41,434 INFO [main][PostProcessorRegistrationDelegate.java:330] - Bean 'com.alibaba.cloud.dubbo.service.DubboMetadataServiceExporter' of type [com.alibaba.cloud.dubbo.service.DubboMetadataServiceExporter] is not eligible for getting processed by all BeanPostProcessors (for example: not eligible for auto-proxying)
[easypay-transaction-service] 2021-10-19 17:32:41,434 INFO [main][PostProcessorRegistrationDelegate.java:330] - Bean 'com.alibaba.cloud.dubbo.autoconfigure.DubboMetadataAutoConfiguration' of type [com.alibaba.cloud.dubbo.autoconfigure.DubboMetadataAutoConfiguration$$EnhancerBySpringCGLIB$$d0627577] is not eligible for getting processed by all BeanPostProcessors (for example: not eligible for auto-proxying)
[easypay-transaction-service] 2021-10-19 17:32:41,438 INFO [main][PostProcessorRegistrationDelegate.java:330] - Bean 'com.alibaba.cloud.dubbo.autoconfigure.DubboServiceAutoConfiguration' of type [com.alibaba.cloud.dubbo.autoconfigure.DubboServiceAutoConfiguration$$EnhancerBySpringCGLIB$$630c7dcf] is not eligible for getting processed by all BeanPostProcessors (for example: not eligible for auto-proxying)
[easypay-transaction-service] 2021-10-19 17:32:41,442 INFO [main][PostProcessorRegistrationDelegate.java:330] - Bean 'dubboGenericServiceFactory' of type [com.alibaba.cloud.dubbo.service.DubboGenericServiceFactory] is not eligible for getting processed by all BeanPostProcessors (for example: not eligible for auto-proxying)
[easypay-transaction-service] 2021-10-19 17:32:41,444 INFO [main][PostProcessorRegistrationDelegate.java:330] - Bean 'dubboMetadataConfigServiceProxy' of type [com.alibaba.cloud.dubbo.service.DubboMetadataServiceProxy] is not eligible for getting processed by all BeanPostProcessors (for example: not eligible for auto-proxying)
[easypay-transaction-service] 2021-10-19 17:32:41,449 INFO [main][PostProcessorRegistrationDelegate.java:330] - Bean 'org.springframework.cloud.client.discovery.composite.CompositeDiscoveryClientAutoConfiguration' of type [org.springframework.cloud.client.discovery.composite.CompositeDiscoveryClientAutoConfiguration$$EnhancerBySpringCGLIB$$2351b789] is not eligible for getting processed by all BeanPostProcessors (for example: not eligible for auto-proxying)
[easypay-transaction-service] 2021-10-19 17:32:41,453 INFO [main][PostProcessorRegistrationDelegate.java:330] - Bean 'com.alibaba.cloud.nacos.discovery.NacosDiscoveryClientAutoConfiguration' of type [com.alibaba.cloud.nacos.discovery.NacosDiscoveryClientAutoConfiguration$$EnhancerBySpringCGLIB$$171cc04e] is not eligible for getting processed by all BeanPostProcessors (for example: not eligible for auto-proxying)
[easypay-transaction-service] 2021-10-19 17:32:41,461 INFO [main][PostProcessorRegistrationDelegate.java:330] - Bean 'org.springframework.cloud.commons.util.UtilAutoConfiguration' of type [org.springframework.cloud.commons.util.UtilAutoConfiguration$$EnhancerBySpringCGLIB$$a20f537d] is not eligible for getting processed by all BeanPostProcessors (for example: not eligible for auto-proxying)
[easypay-transaction-service] 2021-10-19 17:32:41,466 INFO [main][PostProcessorRegistrationDelegate.java:330] - Bean 'inetUtilsProperties' of type [org.springframework.cloud.commons.util.InetUtilsProperties] is not eligible for getting processed by all BeanPostProcessors (for example: not eligible for auto-proxying)
[easypay-transaction-service] 2021-10-19 17:32:41,468 INFO [main][PostProcessorRegistrationDelegate.java:330] - Bean 'inetUtils' of type [org.springframework.cloud.commons.util.InetUtils] is not eligible for getting processed by all BeanPostProcessors (for example: not eligible for auto-proxying)
[easypay-transaction-service] 2021-10-19 17:32:41,717 INFO [main][PostProcessorRegistrationDelegate.java:330] - Bean 'nacosProperties' of type [com.alibaba.cloud.nacos.NacosDiscoveryProperties] is not eligible for getting processed by all BeanPostProcessors (for example: not eligible for auto-proxying)
[easypay-transaction-service] 2021-10-19 17:32:41,722 INFO [main][PostProcessorRegistrationDelegate.java:330] - Bean 'nacosDiscoveryClient' of type [com.alibaba.cloud.nacos.discovery.NacosDiscoveryClient] is not eligible for getting processed by all BeanPostProcessors (for example: not eligible for auto-proxying)
[easypay-transaction-service] 2021-10-19 17:32:41,737 INFO [main][PostProcessorRegistrationDelegate.java:330] - Bean 'server-org.springframework.boot.autoconfigure.web.ServerProperties' of type [org.springframework.boot.autoconfigure.web.ServerProperties] is not eligible for getting processed by all BeanPostProcessors (for example: not eligible for auto-proxying)
[easypay-transaction-service] 2021-10-19 17:32:41,741 INFO [main][PostProcessorRegistrationDelegate.java:330] - Bean 'org.springframework.cloud.client.discovery.simple.SimpleDiscoveryClientAutoConfiguration' of type [org.springframework.cloud.client.discovery.simple.SimpleDiscoveryClientAutoConfiguration$$EnhancerBySpringCGLIB$$ef805057] is not eligible for getting processed by all BeanPostProcessors (for example: not eligible for auto-proxying)
[easypay-transaction-service] 2021-10-19 17:32:41,978 INFO [main][PostProcessorRegistrationDelegate.java:330] - Bean 'simpleDiscoveryProperties' of type [org.springframework.cloud.client.discovery.simple.SimpleDiscoveryProperties] is not eligible for getting processed by all BeanPostProcessors (for example: not eligible for auto-proxying)
[easypay-transaction-service] 2021-10-19 17:32:41,980 INFO [main][PostProcessorRegistrationDelegate.java:330] - Bean 'simpleDiscoveryClient' of type [org.springframework.cloud.client.discovery.simple.SimpleDiscoveryClient] is not eligible for getting processed by all BeanPostProcessors (for example: not eligible for auto-proxying)
[easypay-transaction-service] 2021-10-19 17:32:41,984 INFO [main][PostProcessorRegistrationDelegate.java:330] - Bean 'compositeDiscoveryClient' of type [org.springframework.cloud.client.discovery.composite.CompositeDiscoveryClient] is not eligible for getting processed by all BeanPostProcessors (for example: not eligible for auto-proxying)
[easypay-transaction-service] 2021-10-19 17:32:41,988 INFO [main][PostProcessorRegistrationDelegate.java:330] - Bean 'com.alibaba.cloud.dubbo.util.JSONUtils' of type [com.alibaba.cloud.dubbo.util.JSONUtils] is not eligible for getting processed by all BeanPostProcessors (for example: not eligible for auto-proxying)
[easypay-transaction-service] 2021-10-19 17:32:42,051 WARN [main][DubboServiceMetadataRepository.java:216] - Current application will subscribe all services(size:6) in registry, a lot of memory and CPU cycles may be used, thus it's strongly recommend you using the externalized property 'dubbo.cloud.subscribed-services' to specify the services
[easypay-transaction-service] 2021-10-19 17:32:42,051 INFO [main][PostProcessorRegistrationDelegate.java:330] - Bean 'com.alibaba.cloud.dubbo.metadata.repository.DubboServiceMetadataRepository' of type [com.alibaba.cloud.dubbo.metadata.repository.DubboServiceMetadataRepository] is not eligible for getting processed by all BeanPostProcessors (for example: not eligible for auto-proxying)
[easypay-transaction-service] 2021-10-19 17:32:42,074 INFO [main][PostProcessorRegistrationDelegate.java:330] - Bean 'com.alibaba.cloud.dubbo.service.parameter.RequestParamServiceParameterResolver' of type [com.alibaba.cloud.dubbo.service.parameter.RequestParamServiceParameterResolver] is not eligible for getting processed by all BeanPostProcessors (for example: not eligible for auto-proxying)
[easypay-transaction-service] 2021-10-19 17:32:42,089 INFO [main][PostProcessorRegistrationDelegate.java:330] - Bean 'spring.http-org.springframework.boot.autoconfigure.http.HttpProperties' of type [org.springframework.boot.autoconfigure.http.HttpProperties] is not eligible for getting processed by all BeanPostProcessors (for example: not eligible for auto-proxying)
[easypay-transaction-service] 2021-10-19 17:32:42,093 INFO [main][PostProcessorRegistrationDelegate.java:330] - Bean 'org.springframework.boot.autoconfigure.http.HttpMessageConvertersAutoConfiguration$StringHttpMessageConverterConfiguration' of type [org.springframework.boot.autoconfigure.http.HttpMessageConvertersAutoConfiguration$StringHttpMessageConverterConfiguration$$EnhancerBySpringCGLIB$$27a31c2d] is not eligible for getting processed by all BeanPostProcessors (for example: not eligible for auto-proxying)
[easypay-transaction-service] 2021-10-19 17:32:42,100 INFO [main][PostProcessorRegistrationDelegate.java:330] - Bean 'stringHttpMessageConverter' of type [org.springframework.http.converter.StringHttpMessageConverter] is not eligible for getting processed by all BeanPostProcessors (for example: not eligible for auto-proxying)
[easypay-transaction-service] 2021-10-19 17:32:42,105 INFO [main][PostProcessorRegistrationDelegate.java:330] - Bean 'org.springframework.boot.autoconfigure.http.JacksonHttpMessageConvertersConfiguration$MappingJackson2HttpMessageConverterConfiguration' of type [org.springframework.boot.autoconfigure.http.JacksonHttpMessageConvertersConfiguration$MappingJackson2HttpMessageConverterConfiguration$$EnhancerBySpringCGLIB$$6179182d] is not eligible for getting processed by all BeanPostProcessors (for example: not eligible for auto-proxying)
[easypay-transaction-service] 2021-10-19 17:32:42,112 INFO [main][PostProcessorRegistrationDelegate.java:330] - Bean 'org.springframework.boot.autoconfigure.jackson.JacksonAutoConfiguration$JacksonObjectMapperConfiguration' of type [org.springframework.boot.autoconfigure.jackson.JacksonAutoConfiguration$JacksonObjectMapperConfiguration$$EnhancerBySpringCGLIB$$35f5098a] is not eligible for getting processed by all BeanPostProcessors (for example: not eligible for auto-proxying)
[easypay-transaction-service] 2021-10-19 17:32:42,118 INFO [main][PostProcessorRegistrationDelegate.java:330] - Bean 'org.springframework.boot.autoconfigure.jackson.JacksonAutoConfiguration$JacksonObjectMapperBuilderConfiguration' of type [org.springframework.boot.autoconfigure.jackson.JacksonAutoConfiguration$JacksonObjectMapperBuilderConfiguration$$EnhancerBySpringCGLIB$$e841cba3] is not eligible for getting processed by all BeanPostProcessors (for example: not eligible for auto-proxying)
[easypay-transaction-service] 2021-10-19 17:32:42,122 INFO [main][PostProcessorRegistrationDelegate.java:330] - Bean 'org.springframework.boot.autoconfigure.jackson.JacksonAutoConfiguration$Jackson2ObjectMapperBuilderCustomizerConfiguration' of type [org.springframework.boot.autoconfigure.jackson.JacksonAutoConfiguration$Jackson2ObjectMapperBuilderCustomizerConfiguration$$EnhancerBySpringCGLIB$$a358b192] is not eligible for getting processed by all BeanPostProcessors (for example: not eligible for auto-proxying)
[easypay-transaction-service] 2021-10-19 17:32:42,128 INFO [main][PostProcessorRegistrationDelegate.java:330] - Bean 'spring.jackson-org.springframework.boot.autoconfigure.jackson.JacksonProperties' of type [org.springframework.boot.autoconfigure.jackson.JacksonProperties] is not eligible for getting processed by all BeanPostProcessors (for example: not eligible for auto-proxying)
[easypay-transaction-service] 2021-10-19 17:32:42,131 INFO [main][PostProcessorRegistrationDelegate.java:330] - Bean 'standardJacksonObjectMapperBuilderCustomizer' of type [org.springframework.boot.autoconfigure.jackson.JacksonAutoConfiguration$Jackson2ObjectMapperBuilderCustomizerConfiguration$StandardJackson2ObjectMapperBuilderCustomizer] is not eligible for getting processed by all BeanPostProcessors (for example: not eligible for auto-proxying)
[easypay-transaction-service] 2021-10-19 17:32:42,137 INFO [main][PostProcessorRegistrationDelegate.java:330] - Bean 'org.springframework.boot.autoconfigure.jackson.JacksonAutoConfiguration$ParameterNamesModuleConfiguration' of type [org.springframework.boot.autoconfigure.jackson.JacksonAutoConfiguration$ParameterNamesModuleConfiguration$$EnhancerBySpringCGLIB$$ca2428c0] is not eligible for getting processed by all BeanPostProcessors (for example: not eligible for auto-proxying)
[easypay-transaction-service] 2021-10-19 17:32:42,149 INFO [main][PostProcessorRegistrationDelegate.java:330] - Bean 'parameterNamesModule' of type [com.fasterxml.jackson.module.paramnames.ParameterNamesModule] is not eligible for getting processed by all BeanPostProcessors (for example: not eligible for auto-proxying)
[easypay-transaction-service] 2021-10-19 17:32:42,152 INFO [main][PostProcessorRegistrationDelegate.java:330] - Bean 'org.springframework.boot.autoconfigure.jackson.JacksonAutoConfiguration' of type [org.springframework.boot.autoconfigure.jackson.JacksonAutoConfiguration$$EnhancerBySpringCGLIB$$1800a719] is not eligible for getting processed by all BeanPostProcessors (for example: not eligible for auto-proxying)
[easypay-transaction-service] 2021-10-19 17:32:42,161 INFO [main][PostProcessorRegistrationDelegate.java:330] - Bean 'jsonComponentModule' of type [org.springframework.boot.jackson.JsonComponentModule] is not eligible for getting processed by all BeanPostProcessors (for example: not eligible for auto-proxying)
[easypay-transaction-service] 2021-10-19 17:32:42,163 INFO [main][PostProcessorRegistrationDelegate.java:330] - Bean 'org.springframework.data.web.config.SpringDataJacksonConfiguration' of type [org.springframework.data.web.config.SpringDataJacksonConfiguration] is not eligible for getting processed by all BeanPostProcessors (for example: not eligible for auto-proxying)
[easypay-transaction-service] 2021-10-19 17:32:42,168 INFO [main][PostProcessorRegistrationDelegate.java:330] - Bean 'jacksonGeoModule' of type [org.springframework.data.geo.GeoModule] is not eligible for getting processed by all BeanPostProcessors (for example: not eligible for auto-proxying)
[easypay-transaction-service] 2021-10-19 17:32:42,170 INFO [main][PostProcessorRegistrationDelegate.java:330] - Bean 'jacksonObjectMapperBuilder' of type [org.springframework.http.converter.json.Jackson2ObjectMapperBuilder] is not eligible for getting processed by all BeanPostProcessors (for example: not eligible for auto-proxying)
[easypay-transaction-service] 2021-10-19 17:32:42,187 INFO [main][PostProcessorRegistrationDelegate.java:330] - Bean 'jacksonObjectMapper' of type [com.fasterxml.jackson.databind.ObjectMapper] is not eligible for getting processed by all BeanPostProcessors (for example: not eligible for auto-proxying)
[easypay-transaction-service] 2021-10-19 17:32:42,195 INFO [main][PostProcessorRegistrationDelegate.java:330] - Bean 'mappingJackson2HttpMessageConverter' of type [org.springframework.http.converter.json.MappingJackson2HttpMessageConverter] is not eligible for getting processed by all BeanPostProcessors (for example: not eligible for auto-proxying)
[easypay-transaction-service] 2021-10-19 17:32:42,199 INFO [main][PostProcessorRegistrationDelegate.java:330] - Bean 'org.springframework.boot.autoconfigure.http.HttpMessageConvertersAutoConfiguration' of type [org.springframework.boot.autoconfigure.http.HttpMessageConvertersAutoConfiguration$$EnhancerBySpringCGLIB$$f495558d] is not eligible for getting processed by all BeanPostProcessors (for example: not eligible for auto-proxying)
[easypay-transaction-service] 2021-10-19 17:32:42,209 INFO [main][PostProcessorRegistrationDelegate.java:330] - Bean 'messageConverters' of type [org.springframework.boot.autoconfigure.http.HttpMessageConverters] is not eligible for getting processed by all BeanPostProcessors (for example: not eligible for auto-proxying)
[easypay-transaction-service] 2021-10-19 17:32:42,212 INFO [main][PostProcessorRegistrationDelegate.java:330] - Bean 'com.alibaba.cloud.dubbo.service.parameter.RequestBodyServiceParameterResolver' of type [com.alibaba.cloud.dubbo.service.parameter.RequestBodyServiceParameterResolver] is not eligible for getting processed by all BeanPostProcessors (for example: not eligible for auto-proxying)
[easypay-transaction-service] 2021-10-19 17:32:42,217 INFO [main][PostProcessorRegistrationDelegate.java:330] - Bean 'com.alibaba.cloud.dubbo.service.parameter.RequestHeaderServiceParameterResolver' of type [com.alibaba.cloud.dubbo.service.parameter.RequestHeaderServiceParameterResolver] is not eligible for getting processed by all BeanPostProcessors (for example: not eligible for auto-proxying)
[easypay-transaction-service] 2021-10-19 17:32:42,225 INFO [main][PostProcessorRegistrationDelegate.java:330] - Bean 'com.alibaba.cloud.dubbo.service.parameter.PathVariableServiceParameterResolver' of type [com.alibaba.cloud.dubbo.service.parameter.PathVariableServiceParameterResolver] is not eligible for getting processed by all BeanPostProcessors (for example: not eligible for auto-proxying)
[easypay-transaction-service] 2021-10-19 17:32:42,226 INFO [main][PostProcessorRegistrationDelegate.java:330] - Bean 'com.alibaba.cloud.dubbo.service.DubboGenericServiceExecutionContextFactory' of type [com.alibaba.cloud.dubbo.service.DubboGenericServiceExecutionContextFactory] is not eligible for getting processed by all BeanPostProcessors (for example: not eligible for auto-proxying)
[easypay-transaction-service] 2021-10-19 17:32:42,239 INFO [main][PostProcessorRegistrationDelegate.java:330] - Bean 'relaxedDubboConfigBinder' of type [org.apache.dubbo.spring.boot.autoconfigure.BinderDubboConfigBinder] is not eligible for getting processed by all BeanPostProcessors (for example: not eligible for auto-proxying)
[easypay-transaction-service] 2021-10-19 17:32:42,246 INFO [main][PostProcessorRegistrationDelegate.java:330] - Bean 'relaxedDubboConfigBinder' of type [org.apache.dubbo.spring.boot.autoconfigure.BinderDubboConfigBinder] is not eligible for getting processed by all BeanPostProcessors (for example: not eligible for auto-proxying)
[easypay-transaction-service] 2021-10-19 17:32:42,249 INFO [main][PostProcessorRegistrationDelegate.java:330] - Bean 'relaxedDubboConfigBinder' of type [org.apache.dubbo.spring.boot.autoconfigure.BinderDubboConfigBinder] is not eligible for getting processed by all BeanPostProcessors (for example: not eligible for auto-proxying)
[easypay-transaction-service] 2021-10-19 17:32:42,254 INFO [main][PostProcessorRegistrationDelegate.java:330] - Bean 'relaxedDubboConfigBinder' of type [org.apache.dubbo.spring.boot.autoconfigure.BinderDubboConfigBinder] is not eligible for getting processed by all BeanPostProcessors (for example: not eligible for auto-proxying)
[easypay-transaction-service] 2021-10-19 17:32:42,270 INFO [main][PostProcessorRegistrationDelegate.java:330] - Bean 'org.springframework.cloud.autoconfigure.ConfigurationPropertiesRebinderAutoConfiguration' of type [org.springframework.cloud.autoconfigure.ConfigurationPropertiesRebinderAutoConfiguration$$EnhancerBySpringCGLIB$$f67b8cf6] is not eligible for getting processed by all BeanPostProcessors (for example: not eligible for auto-proxying)
[easypay-transaction-service] 2021-10-19 17:32:42,398 INFO [main][DruidDataSourceAutoConfigure.java:56] - Init DruidDataSource
[easypay-transaction-service] 2021-10-19 17:32:42,683 INFO [main][DruidDataSource.java:1002] - {dataSource-1} inited
[easypay-transaction-service] 2021-10-19 17:32:43,647 WARN [main][URLConfigurationSource.java:121] - No URLs will be polled as dynamic configuration sources.
[easypay-transaction-service] 2021-10-19 17:32:43,647 INFO [main][URLConfigurationSource.java:122] - To enable URLs as dynamic configuration sources, define System property archaius.configurationSource.additionalUrls or make config.properties available on classpath.
[easypay-transaction-service] 2021-10-19 17:32:43,652 WARN [main][URLConfigurationSource.java:121] - No URLs will be polled as dynamic configuration sources.
[easypay-transaction-service] 2021-10-19 17:32:43,652 INFO [main][URLConfigurationSource.java:122] - To enable URLs as dynamic configuration sources, define System property archaius.configurationSource.additionalUrls or make config.properties available on classpath.
[easypay-transaction-service] 2021-10-19 17:32:44,025 INFO [main][ExecutorConfigurationSupport.java:171] - Initializing ExecutorService 'applicationTaskExecutor'
[easypay-transaction-service] 2021-10-19 17:32:44,388 INFO [main][ExecutorConfigurationSupport.java:171] - Initializing ExecutorService
[easypay-transaction-service] 2021-10-19 17:32:44,446 INFO [main][DubboConfigBindingBeanPostProcessor.java:109] - The properties of bean [name : org.apache.dubbo.config.RegistryConfig#0] have been binding by prefix of configuration properties : dubbo.registry
[easypay-transaction-service] 2021-10-19 17:32:44,454 INFO [main][DubboConfigBindingBeanPostProcessor.java:109] - The properties of bean [name : org.apache.dubbo.config.ProtocolConfig#0] have been binding by prefix of configuration properties : dubbo.protocol
[easypay-transaction-service] 2021-10-19 17:32:44,465 INFO [main][DubboConfigBindingBeanPostProcessor.java:109] - The properties of bean [name : org.apache.dubbo.config.ConsumerConfig#0] have been binding by prefix of configuration properties : dubbo.consumer
[easypay-transaction-service] 2021-10-19 17:32:45,448 INFO [main][EndpointLinksResolver.java:59] - Exposing 4 endpoint(s) beneath base path '/actuator'
[easypay-transaction-service] 2021-10-19 17:32:45,657 INFO [main][DubboServiceMetadataRepository.java:280] - The metadata of Dubbo service[name : user-service] is about to be initialized
[easypay-transaction-service] 2021-10-19 17:32:45,677 WARN [main][DubboServiceMetadataRepository.java:484] - The Spring application[name : user-service] does not expose The REST metadata in the Dubbo services.
[easypay-transaction-service] 2021-10-19 17:32:45,677 INFO [main][DubboServiceMetadataRepository.java:280] - The metadata of Dubbo service[name : uaa-service] is about to be initialized
[easypay-transaction-service] 2021-10-19 17:32:45,679 WARN [main][DubboServiceMetadataRepository.java:484] - The Spring application[name : uaa-service] does not expose The REST metadata in the Dubbo services.
[easypay-transaction-service] 2021-10-19 17:32:45,680 INFO [main][DubboServiceMetadataRepository.java:280] - The metadata of Dubbo service[name : merchant-service] is about to be initialized
[easypay-transaction-service] 2021-10-19 17:32:45,683 WARN [main][DubboServiceMetadataRepository.java:484] - The Spring application[name : merchant-service] does not expose The REST metadata in the Dubbo services.
[easypay-transaction-service] 2021-10-19 17:32:45,683 INFO [main][DubboServiceMetadataRepository.java:280] - The metadata of Dubbo service[name : gateway-service] is about to be initialized
[easypay-transaction-service] 2021-10-19 17:32:45,685 WARN [main][DubboServiceMetadataRepository.java:484] - The Spring application[name : gateway-service] does not expose The REST metadata in the Dubbo services.
[easypay-transaction-service] 2021-10-19 17:32:45,685 INFO [main][DubboServiceMetadataRepository.java:280] - The metadata of Dubbo service[name : merchant-application] is about to be initialized
[easypay-transaction-service] 2021-10-19 17:32:45,687 WARN [main][DubboServiceMetadataRepository.java:484] - The Spring application[name : merchant-application] does not expose The REST metadata in the Dubbo services.
[easypay-transaction-service] 2021-10-19 17:32:45,687 INFO [main][DubboServiceMetadataRepository.java:262] - The metadata of Dubbo services has been initialized
[easypay-transaction-service] 2021-10-19 17:32:45,704 WARN [ThreadPoolTaskScheduler-1][DubboServiceMetadataRepository.java:216] - Current application will subscribe all services(size:6) in registry, a lot of memory and CPU cycles may be used, thus it's strongly recommend you using the externalized property 'dubbo.cloud.subscribed-services' to specify the services
[easypay-transaction-service] 2021-10-19 17:32:45,706 INFO [com.alibaba.nacos.naming.client.listener][DubboServiceDiscoveryAutoConfiguration.java:157] - The event of the service instances[name : user-service , size : 0] change is about to be dispatched
[easypay-transaction-service] 2021-10-19 17:32:45,707 INFO [com.alibaba.nacos.naming.client.listener][DubboServiceDiscoveryAutoConfiguration.java:157] - The event of the service instances[name : uaa-service , size : 0] change is about to be dispatched
[easypay-transaction-service] 2021-10-19 17:32:45,707 INFO [com.alibaba.nacos.naming.client.listener][DubboServiceDiscoveryAutoConfiguration.java:157] - The event of the service instances[name : merchant-service , size : 0] change is about to be dispatched
[easypay-transaction-service] 2021-10-19 17:32:45,708 INFO [com.alibaba.nacos.naming.client.listener][DubboServiceDiscoveryAutoConfiguration.java:157] - The event of the service instances[name : gateway-service , size : 0] change is about to be dispatched
[easypay-transaction-service] 2021-10-19 17:32:45,708 INFO [com.alibaba.nacos.naming.client.listener][DubboServiceDiscoveryAutoConfiguration.java:157] - The event of the service instances[name : merchant-application , size : 0] change is about to be dispatched
[easypay-transaction-service] 2021-10-19 17:32:45,715 INFO [main][ServiceBean.java:112] -  [DUBBO] The service ready on spring started. service: ink.breakpoint.easypay.transaction.api.PayChannelService, dubbo version: 2.7.3, current host: 172.16.42.102
[easypay-transaction-service] 2021-10-19 17:32:45,727 WARN [main][AbstractInterfaceConfig.java:265] -  [DUBBO] There's no valid metadata config found, if you are using the simplified mode of registry url, please make sure you have a metadata address configured properly., dubbo version: 2.7.3, current host: 172.16.42.102
[easypay-transaction-service] 2021-10-19 17:32:45,788 INFO [main][ServiceConfig.java:643] -  [DUBBO] Export dubbo service ink.breakpoint.easypay.transaction.api.PayChannelService to local registry url : injvm://127.0.0.1/ink.breakpoint.easypay.transaction.api.PayChannelService?anyhost=true&application=transaction-service&bean.name=ServiceBean:ink.breakpoint.easypay.transaction.api.PayChannelService&bind.ip=172.16.42.102&bind.port=20893&deprecated=false&dubbo=2.0.2&dynamic=true&generic=false&interface=ink.breakpoint.easypay.transaction.api.PayChannelService&methods=queryPayChannelParamByAppAndPlatform,queryParamByAppPlatformAndPayChannel,queryPlatformChannel,bindPlatformChannelForApp,queryPayChannelByPlatformChannel,queryAppBindPlatformChannel,savePayChannelParam&pid=15856&qos.enable=false&qos.port=22250&register=true&release=2.7.3&side=provider&timestamp=1634635965731, dubbo version: 2.7.3, current host: 172.16.42.102
[easypay-transaction-service] 2021-10-19 17:32:45,788 INFO [main][ServiceConfig.java:581] -  [DUBBO] Export dubbo service ink.breakpoint.easypay.transaction.api.PayChannelService to url dubbo://172.16.42.102:20893/ink.breakpoint.easypay.transaction.api.PayChannelService?anyhost=true&application=transaction-service&bean.name=ServiceBean:ink.breakpoint.easypay.transaction.api.PayChannelService&bind.ip=172.16.42.102&bind.port=20893&deprecated=false&dubbo=2.0.2&dynamic=true&generic=false&interface=ink.breakpoint.easypay.transaction.api.PayChannelService&methods=queryPayChannelParamByAppAndPlatform,queryParamByAppPlatformAndPayChannel,queryPlatformChannel,bindPlatformChannelForApp,queryPayChannelByPlatformChannel,queryAppBindPlatformChannel,savePayChannelParam&pid=15856&qos.enable=false&qos.port=22250&register=true&release=2.7.3&side=provider&timestamp=1634635965731, dubbo version: 2.7.3, current host: 172.16.42.102
[easypay-transaction-service] 2021-10-19 17:32:45,789 INFO [main][AbstractInterfaceConfig.java:237] -  [DUBBO] There's no valid monitor config found, if you want to open monitor statistics for Dubbo, please make sure your monitor is configured properly., dubbo version: 2.7.3, current host: 172.16.42.102
[easypay-transaction-service] 2021-10-19 17:32:45,789 INFO [main][ServiceConfig.java:595] -  [DUBBO] Register dubbo service ink.breakpoint.easypay.transaction.api.PayChannelService url dubbo://172.16.42.102:20893/ink.breakpoint.easypay.transaction.api.PayChannelService?anyhost=true&application=transaction-service&bean.name=ServiceBean:ink.breakpoint.easypay.transaction.api.PayChannelService&bind.ip=172.16.42.102&bind.port=20893&deprecated=false&dubbo=2.0.2&dynamic=true&generic=false&interface=ink.breakpoint.easypay.transaction.api.PayChannelService&methods=queryPayChannelParamByAppAndPlatform,queryParamByAppPlatformAndPayChannel,queryPlatformChannel,bindPlatformChannelForApp,queryPayChannelByPlatformChannel,queryAppBindPlatformChannel,savePayChannelParam&pid=15856&qos.enable=false&qos.port=22250&register=true&release=2.7.3&side=provider&timestamp=1634635965731 to registry registry://localhost:9090/org.apache.dubbo.registry.RegistryService?application=transaction-service&dubbo=2.0.2&pid=15856&qos.enable=false&qos.port=22250&registry=spring-cloud&release=2.7.3&timestamp=1634635965727, dubbo version: 2.7.3, current host: 172.16.42.102
[easypay-transaction-service] 2021-10-19 17:32:45,809 INFO [main][QosProtocolWrapper.java:89] -  [DUBBO] qos won't be started because it is disabled. Please check dubbo.application.qos.enable is configured either in system property, dubbo.properties or XML/spring-boot configuration., dubbo version: 2.7.3, current host: 172.16.42.102
[easypay-transaction-service] 2021-10-19 17:32:46,253 INFO [main][AbstractServer.java:73] -  [DUBBO] Start NettyServer bind /0.0.0.0:20893, export /172.16.42.102:20893, dubbo version: 2.7.3, current host: 172.16.42.102
[easypay-transaction-service] 2021-10-19 17:32:46,255 WARN [main][SpringExtensionFactory.java:86] -  [DUBBO] No spring extension (bean) named:applicationContext, try to find an extension (bean) of type org.springframework.context.ConfigurableApplicationContext, dubbo version: 2.7.3, current host: 172.16.42.102
[easypay-transaction-service] 2021-10-19 17:32:46,256 WARN [main][SpringExtensionFactory.java:104] -  [DUBBO] No spring extension (bean) named:applicationContext, type:org.springframework.context.ConfigurableApplicationContext found, stop get bean., dubbo version: 2.7.3, current host: 172.16.42.102
[easypay-transaction-service] 2021-10-19 17:32:46,263 INFO [main][AbstractRegistry.java:280] -  [DUBBO] Register: dubbo://172.16.42.102:20893/ink.breakpoint.easypay.transaction.api.PayChannelService?anyhost=true&application=transaction-service&bean.name=ServiceBean:ink.breakpoint.easypay.transaction.api.PayChannelService&deprecated=false&dubbo=2.0.2&dynamic=true&generic=false&interface=ink.breakpoint.easypay.transaction.api.PayChannelService&methods=queryPayChannelParamByAppAndPlatform,queryParamByAppPlatformAndPayChannel,queryPlatformChannel,bindPlatformChannelForApp,queryPayChannelByPlatformChannel,queryAppBindPlatformChannel,savePayChannelParam&pid=15856&register=true&release=2.7.3&side=provider&timestamp=1634635965731, dubbo version: 2.7.3, current host: 172.16.42.102
[easypay-transaction-service] 2021-10-19 17:32:46,492 INFO [main][AbstractRegistry.java:305] -  [DUBBO] Subscribe: provider://172.16.42.102:20893/ink.breakpoint.easypay.transaction.api.PayChannelService?anyhost=true&application=transaction-service&bean.name=ServiceBean:ink.breakpoint.easypay.transaction.api.PayChannelService&bind.ip=172.16.42.102&bind.port=20893&category=configurators&check=false&deprecated=false&dubbo=2.0.2&dynamic=true&generic=false&interface=ink.breakpoint.easypay.transaction.api.PayChannelService&methods=queryPayChannelParamByAppAndPlatform,queryParamByAppPlatformAndPayChannel,queryPlatformChannel,bindPlatformChannelForApp,queryPayChannelByPlatformChannel,queryAppBindPlatformChannel,savePayChannelParam&pid=15856&qos.enable=false&qos.port=22250&register=true&release=2.7.3&side=provider&timestamp=1634635965731, dubbo version: 2.7.3, current host: 172.16.42.102
[easypay-transaction-service] 2021-10-19 17:32:46,493 INFO [main][AbstractSpringCloudRegistry.java:213] - The Dubbo Service URL[ID : provider://172.16.42.102:20893/ink.breakpoint.easypay.transaction.api.PayChannelService] is being subscribed for service[name : user-service]
[easypay-transaction-service] 2021-10-19 17:32:46,493 INFO [main][AbstractSpringCloudRegistry.java:223] - The metadata of Dubbo service[key : ink.breakpoint.easypay.transaction.api.PayChannelService] can't be found when the subscribed service[name : user-service], and then try to initialize it
[easypay-transaction-service] 2021-10-19 17:32:46,493 WARN [main][AbstractSpringCloudRegistry.java:234] - The metadata of Dubbo service[key : ink.breakpoint.easypay.transaction.api.PayChannelService] still can't be found, it could effect the further Dubbo service invocation
[easypay-transaction-service] 2021-10-19 17:32:46,494 INFO [main][AbstractSpringCloudRegistry.java:213] - The Dubbo Service URL[ID : provider://172.16.42.102:20893/ink.breakpoint.easypay.transaction.api.PayChannelService] is being subscribed for service[name : uaa-service]
[easypay-transaction-service] 2021-10-19 17:32:46,494 INFO [main][AbstractSpringCloudRegistry.java:223] - The metadata of Dubbo service[key : ink.breakpoint.easypay.transaction.api.PayChannelService] can't be found when the subscribed service[name : uaa-service], and then try to initialize it
[easypay-transaction-service] 2021-10-19 17:32:46,494 WARN [main][AbstractSpringCloudRegistry.java:234] - The metadata of Dubbo service[key : ink.breakpoint.easypay.transaction.api.PayChannelService] still can't be found, it could effect the further Dubbo service invocation
[easypay-transaction-service] 2021-10-19 17:32:46,494 INFO [main][AbstractSpringCloudRegistry.java:213] - The Dubbo Service URL[ID : provider://172.16.42.102:20893/ink.breakpoint.easypay.transaction.api.PayChannelService] is being subscribed for service[name : merchant-service]
[easypay-transaction-service] 2021-10-19 17:32:46,494 INFO [main][AbstractSpringCloudRegistry.java:223] - The metadata of Dubbo service[key : ink.breakpoint.easypay.transaction.api.PayChannelService] can't be found when the subscribed service[name : merchant-service], and then try to initialize it
[easypay-transaction-service] 2021-10-19 17:32:46,494 WARN [main][AbstractSpringCloudRegistry.java:234] - The metadata of Dubbo service[key : ink.breakpoint.easypay.transaction.api.PayChannelService] still can't be found, it could effect the further Dubbo service invocation
[easypay-transaction-service] 2021-10-19 17:32:46,494 INFO [main][AbstractSpringCloudRegistry.java:213] - The Dubbo Service URL[ID : provider://172.16.42.102:20893/ink.breakpoint.easypay.transaction.api.PayChannelService] is being subscribed for service[name : gateway-service]
[easypay-transaction-service] 2021-10-19 17:32:46,494 INFO [main][AbstractSpringCloudRegistry.java:223] - The metadata of Dubbo service[key : ink.breakpoint.easypay.transaction.api.PayChannelService] can't be found when the subscribed service[name : gateway-service], and then try to initialize it
[easypay-transaction-service] 2021-10-19 17:32:46,494 WARN [main][AbstractSpringCloudRegistry.java:234] - The metadata of Dubbo service[key : ink.breakpoint.easypay.transaction.api.PayChannelService] still can't be found, it could effect the further Dubbo service invocation
[easypay-transaction-service] 2021-10-19 17:32:46,494 INFO [main][AbstractSpringCloudRegistry.java:213] - The Dubbo Service URL[ID : provider://172.16.42.102:20893/ink.breakpoint.easypay.transaction.api.PayChannelService] is being subscribed for service[name : merchant-application]
[easypay-transaction-service] 2021-10-19 17:32:46,495 INFO [main][AbstractSpringCloudRegistry.java:223] - The metadata of Dubbo service[key : ink.breakpoint.easypay.transaction.api.PayChannelService] can't be found when the subscribed service[name : merchant-application], and then try to initialize it
[easypay-transaction-service] 2021-10-19 17:32:46,495 WARN [main][AbstractSpringCloudRegistry.java:234] - The metadata of Dubbo service[key : ink.breakpoint.easypay.transaction.api.PayChannelService] still can't be found, it could effect the further Dubbo service invocation
[easypay-transaction-service] 2021-10-19 17:32:46,495 INFO [main][AbstractInterfaceConfig.java:237] -  [DUBBO] There's no valid monitor config found, if you want to open monitor statistics for Dubbo, please make sure your monitor is configured properly., dubbo version: 2.7.3, current host: 172.16.42.102
[easypay-transaction-service] 2021-10-19 17:32:46,495 INFO [main][ServiceConfig.java:595] -  [DUBBO] Register dubbo service ink.breakpoint.easypay.transaction.api.PayChannelService url dubbo://172.16.42.102:20893/ink.breakpoint.easypay.transaction.api.PayChannelService?anyhost=true&application=transaction-service&bean.name=ServiceBean:ink.breakpoint.easypay.transaction.api.PayChannelService&bind.ip=172.16.42.102&bind.port=20893&deprecated=false&dubbo=2.0.2&dynamic=true&generic=false&interface=ink.breakpoint.easypay.transaction.api.PayChannelService&methods=queryPayChannelParamByAppAndPlatform,queryParamByAppPlatformAndPayChannel,queryPlatformChannel,bindPlatformChannelForApp,queryPayChannelByPlatformChannel,queryAppBindPlatformChannel,savePayChannelParam&pid=15856&qos.enable=false&qos.port=22250&register=true&release=2.7.3&side=provider&timestamp=1634635965731 to registry registry://127.0.0.1:8848/org.apache.dubbo.registry.RegistryService?application=transaction-service&dubbo=2.0.2&pid=15856&qos.enable=false&qos.port=22250&registry=nacos&release=2.7.3&timestamp=1634635965730, dubbo version: 2.7.3, current host: 172.16.42.102
[easypay-transaction-service] 2021-10-19 17:32:46,499 INFO [main][AbstractRegistry.java:212] -  [DUBBO] Load registry cache file C:\Users\shaoshuai\.dubbo\dubbo-registry-transaction-service-127.0.0.1:8848.cache, data: {user-service/com.alibaba.cloud.dubbo.service.DubboMetadataService:1.0.0=dubbo://172.16.42.102:20880/com.alibaba.cloud.dubbo.service.DubboMetadataService?anyhost=true&application=user-service&category=providers&deprecated=false&dubbo=2.0.2&dynamic=true&generic=false&group=user-service&interface=com.alibaba.cloud.dubbo.service.DubboMetadataService&methods=getAllServiceKeys,getServiceRestMetadata,getExportedURLs,getAllExportedURLs&path=com.alibaba.cloud.dubbo.service.DubboMetadataService&pid=8292&protocol=dubbo&register=true&release=2.7.3&revision=2.1.0.RELEASE&side=provider&timestamp=1634633875017&version=1.0.0, merchant-service/com.alibaba.cloud.dubbo.service.DubboMetadataService:1.0.0=dubbo://172.16.42.102:20890/com.alibaba.cloud.dubbo.service.DubboMetadataService?anyhost=true&application=merchant-service&category=providers&deprecated=false&dubbo=2.0.2&dynamic=true&generic=false&group=merchant-service&interface=com.alibaba.cloud.dubbo.service.DubboMetadataService&methods=getAllServiceKeys,getServiceRestMetadata,getExportedURLs,getAllExportedURLs&path=com.alibaba.cloud.dubbo.service.DubboMetadataService&pid=7896&protocol=dubbo&register=true&release=2.7.3&revision=2.1.0.RELEASE&side=provider&timestamp=1634634925787&version=1.0.0, uaa-service/com.alibaba.cloud.dubbo.service.DubboMetadataService:1.0.0=dubbo://172.16.42.102:20881/com.alibaba.cloud.dubbo.service.DubboMetadataService?anyhost=true&application=uaa-service&category=providers&deprecated=false&dubbo=2.0.2&dynamic=true&generic=false&group=uaa-service&interface=com.alibaba.cloud.dubbo.service.DubboMetadataService&methods=getAllServiceKeys,getServiceRestMetadata,getExportedURLs,getAllExportedURLs&path=com.alibaba.cloud.dubbo.service.DubboMetadataService&pid=8644&protocol=dubbo&register=true&release=2.7.3&revision=2.1.0.RELEASE&side=provider&timestamp=1634628683538&version=1.0.0, merchant-application/com.alibaba.cloud.dubbo.service.DubboMetadataService:1.0.0=dubbo://172.16.42.102:20891/com.alibaba.cloud.dubbo.service.DubboMetadataService?anyhost=true&application=merchant-application&category=providers&deprecated=false&dubbo=2.0.2&dynamic=true&generic=false&group=merchant-application&interface=com.alibaba.cloud.dubbo.service.DubboMetadataService&methods=getAllServiceKeys,getServiceRestMetadata,getExportedURLs,getAllExportedURLs&path=com.alibaba.cloud.dubbo.service.DubboMetadataService&pid=13384&protocol=dubbo&register=true&release=2.7.3&revision=2.1.0.RELEASE&side=provider&timestamp=1634634921877&version=1.0.0}, dubbo version: 2.7.3, current host: 172.16.42.102
[easypay-transaction-service] 2021-10-19 17:32:46,499 INFO [main][AbstractRegistry.java:280] -  [DUBBO] Register: dubbo://172.16.42.102:20893/ink.breakpoint.easypay.transaction.api.PayChannelService?anyhost=true&application=transaction-service&bean.name=ServiceBean:ink.breakpoint.easypay.transaction.api.PayChannelService&deprecated=false&dubbo=2.0.2&dynamic=true&generic=false&interface=ink.breakpoint.easypay.transaction.api.PayChannelService&methods=queryPayChannelParamByAppAndPlatform,queryParamByAppPlatformAndPayChannel,queryPlatformChannel,bindPlatformChannelForApp,queryPayChannelByPlatformChannel,queryAppBindPlatformChannel,savePayChannelParam&pid=15856&register=true&release=2.7.3&side=provider&timestamp=1634635965731, dubbo version: 2.7.3, current host: 172.16.42.102
[easypay-transaction-service] 2021-10-19 17:32:46,505 INFO [main][AbstractRegistry.java:305] -  [DUBBO] Subscribe: provider://172.16.42.102:20893/ink.breakpoint.easypay.transaction.api.PayChannelService?anyhost=true&application=transaction-service&bean.name=ServiceBean:ink.breakpoint.easypay.transaction.api.PayChannelService&bind.ip=172.16.42.102&bind.port=20893&category=configurators&check=false&deprecated=false&dubbo=2.0.2&dynamic=true&generic=false&interface=ink.breakpoint.easypay.transaction.api.PayChannelService&methods=queryPayChannelParamByAppAndPlatform,queryParamByAppPlatformAndPayChannel,queryPlatformChannel,bindPlatformChannelForApp,queryPayChannelByPlatformChannel,queryAppBindPlatformChannel,savePayChannelParam&pid=15856&qos.enable=false&qos.port=22250&register=true&release=2.7.3&side=provider&timestamp=1634635965731, dubbo version: 2.7.3, current host: 172.16.42.102
[easypay-transaction-service] 2021-10-19 17:32:46,515 WARN [main][AbstractRegistry.java:395] -  [DUBBO] Ignore empty notify urls for subscribe url provider://172.16.42.102:20893/ink.breakpoint.easypay.transaction.api.PayChannelService?anyhost=true&application=transaction-service&bean.name=ServiceBean:ink.breakpoint.easypay.transaction.api.PayChannelService&bind.ip=172.16.42.102&bind.port=20893&category=configurators&check=false&deprecated=false&dubbo=2.0.2&dynamic=true&generic=false&interface=ink.breakpoint.easypay.transaction.api.PayChannelService&methods=queryPayChannelParamByAppAndPlatform,queryParamByAppPlatformAndPayChannel,queryPlatformChannel,bindPlatformChannelForApp,queryPayChannelByPlatformChannel,queryAppBindPlatformChannel,savePayChannelParam&pid=15856&qos.enable=false&qos.port=22250&register=true&release=2.7.3&side=provider&timestamp=1634635965731, dubbo version: 2.7.3, current host: 172.16.42.102
[easypay-transaction-service] 2021-10-19 17:32:46,515 WARN [com.alibaba.nacos.naming.client.listener][AbstractRegistry.java:395] -  [DUBBO] Ignore empty notify urls for subscribe url provider://172.16.42.102:20893/ink.breakpoint.easypay.transaction.api.PayChannelService?anyhost=true&application=transaction-service&bean.name=ServiceBean:ink.breakpoint.easypay.transaction.api.PayChannelService&bind.ip=172.16.42.102&bind.port=20893&category=configurators&check=false&deprecated=false&dubbo=2.0.2&dynamic=true&generic=false&interface=ink.breakpoint.easypay.transaction.api.PayChannelService&methods=queryPayChannelParamByAppAndPlatform,queryParamByAppPlatformAndPayChannel,queryPlatformChannel,bindPlatformChannelForApp,queryPayChannelByPlatformChannel,queryAppBindPlatformChannel,savePayChannelParam&pid=15856&qos.enable=false&qos.port=22250&register=true&release=2.7.3&side=provider&timestamp=1634635965731, dubbo version: 2.7.3, current host: 172.16.42.102
[easypay-transaction-service] 2021-10-19 17:32:46,520 INFO [main][StartupInfoLogger.java:59] - Started TestPayChannelService in 7.953 seconds (JVM running for 8.982)
[easypay-transaction-service] 2021-10-19 17:32:46,806 INFO [Thread-11][AwaitingNonWebApplicationListener.java:155] -  [Dubbo] Current Spring Boot Application is about to shutdown...
[easypay-transaction-service] 2021-10-19 17:32:46,807 INFO [Thread-11][AbstractRegistryFactory.java:68] -  [DUBBO] Close all registries [nacos://127.0.0.1:8848/org.apache.dubbo.registry.RegistryService?application=transaction-service&dubbo=2.0.2&interface=org.apache.dubbo.registry.RegistryService&pid=15856&qos.enable=false&qos.port=22250&release=2.7.3&timestamp=1634635965730], dubbo version: 2.7.3, current host: 172.16.42.102
[easypay-transaction-service] 2021-10-19 17:32:46,807 INFO [Thread-11][AbstractRegistry.java:458] -  [DUBBO] Destroy registry:nacos://127.0.0.1:8848/org.apache.dubbo.registry.RegistryService?application=transaction-service&dubbo=2.0.2&interface=org.apache.dubbo.registry.RegistryService&pid=15856&qos.enable=false&qos.port=22250&release=2.7.3&timestamp=1634635965730, dubbo version: 2.7.3, current host: 172.16.42.102
[easypay-transaction-service] 2021-10-19 17:32:46,807 INFO [Thread-11][AbstractRegistry.java:291] -  [DUBBO] Unregister: dubbo://172.16.42.102:20893/ink.breakpoint.easypay.transaction.api.PayChannelService?anyhost=true&application=transaction-service&bean.name=ServiceBean:ink.breakpoint.easypay.transaction.api.PayChannelService&deprecated=false&dubbo=2.0.2&dynamic=true&generic=false&interface=ink.breakpoint.easypay.transaction.api.PayChannelService&methods=queryPayChannelParamByAppAndPlatform,queryParamByAppPlatformAndPayChannel,queryPlatformChannel,bindPlatformChannelForApp,queryPayChannelByPlatformChannel,queryAppBindPlatformChannel,savePayChannelParam&pid=15856&register=true&release=2.7.3&side=provider&timestamp=1634635965731, dubbo version: 2.7.3, current host: 172.16.42.102
[easypay-transaction-service] 2021-10-19 17:32:46,809 INFO [Thread-11][AbstractRegistry.java:467] -  [DUBBO] Destroy unregister url dubbo://172.16.42.102:20893/ink.breakpoint.easypay.transaction.api.PayChannelService?anyhost=true&application=transaction-service&bean.name=ServiceBean:ink.breakpoint.easypay.transaction.api.PayChannelService&deprecated=false&dubbo=2.0.2&dynamic=true&generic=false&interface=ink.breakpoint.easypay.transaction.api.PayChannelService&methods=queryPayChannelParamByAppAndPlatform,queryParamByAppPlatformAndPayChannel,queryPlatformChannel,bindPlatformChannelForApp,queryPayChannelByPlatformChannel,queryAppBindPlatformChannel,savePayChannelParam&pid=15856&register=true&release=2.7.3&side=provider&timestamp=1634635965731, dubbo version: 2.7.3, current host: 172.16.42.102
[easypay-transaction-service] 2021-10-19 17:32:46,809 INFO [Thread-11][AbstractRegistry.java:320] -  [DUBBO] Unsubscribe: provider://172.16.42.102:20893/ink.breakpoint.easypay.transaction.api.PayChannelService?anyhost=true&application=transaction-service&bean.name=ServiceBean:ink.breakpoint.easypay.transaction.api.PayChannelService&bind.ip=172.16.42.102&bind.port=20893&category=configurators&check=false&deprecated=false&dubbo=2.0.2&dynamic=true&generic=false&interface=ink.breakpoint.easypay.transaction.api.PayChannelService&methods=queryPayChannelParamByAppAndPlatform,queryParamByAppPlatformAndPayChannel,queryPlatformChannel,bindPlatformChannelForApp,queryPayChannelByPlatformChannel,queryAppBindPlatformChannel,savePayChannelParam&pid=15856&qos.enable=false&qos.port=22250&register=true&release=2.7.3&side=provider&timestamp=1634635965731, dubbo version: 2.7.3, current host: 172.16.42.102
[easypay-transaction-service] 2021-10-19 17:32:46,809 INFO [Thread-11][AbstractRegistry.java:483] -  [DUBBO] Destroy unsubscribe url provider://172.16.42.102:20893/ink.breakpoint.easypay.transaction.api.PayChannelService?anyhost=true&application=transaction-service&bean.name=ServiceBean:ink.breakpoint.easypay.transaction.api.PayChannelService&bind.ip=172.16.42.102&bind.port=20893&category=configurators&check=false&deprecated=false&dubbo=2.0.2&dynamic=true&generic=false&interface=ink.breakpoint.easypay.transaction.api.PayChannelService&methods=queryPayChannelParamByAppAndPlatform,queryParamByAppPlatformAndPayChannel,queryPlatformChannel,bindPlatformChannelForApp,queryPayChannelByPlatformChannel,queryAppBindPlatformChannel,savePayChannelParam&pid=15856&qos.enable=false&qos.port=22250&register=true&release=2.7.3&side=provider&timestamp=1634635965731, dubbo version: 2.7.3, current host: 172.16.42.102
[easypay-transaction-service] 2021-10-19 17:32:46,809 INFO [Thread-11][DubboProtocol.java:616] -  [DUBBO] Close dubbo server: /172.16.42.102:20893, dubbo version: 2.7.3, current host: 172.16.42.102
[easypay-transaction-service] 2021-10-19 17:32:46,810 INFO [Thread-11][AbstractServer.java:153] -  [DUBBO] Close NettyServer bind /0.0.0.0:20893, export /172.16.42.102:20893, dubbo version: 2.7.3, current host: 172.16.42.102
[easypay-transaction-service] 2021-10-19 17:32:46,812 INFO [Thread-11][AbstractProtocol.java:79] -  [DUBBO] Unexport service: dubbo://172.16.42.102:20893/ink.breakpoint.easypay.transaction.api.PayChannelService?anyhost=true&application=transaction-service&bean.name=ServiceBean:ink.breakpoint.easypay.transaction.api.PayChannelService&bind.ip=172.16.42.102&bind.port=20893&deprecated=false&dubbo=2.0.2&dynamic=true&generic=false&interface=ink.breakpoint.easypay.transaction.api.PayChannelService&methods=queryPayChannelParamByAppAndPlatform,queryParamByAppPlatformAndPayChannel,queryPlatformChannel,bindPlatformChannelForApp,queryPayChannelByPlatformChannel,queryAppBindPlatformChannel,savePayChannelParam&pid=15856&qos.enable=false&qos.port=22250&register=true&release=2.7.3&side=provider&timestamp=1634635965731, dubbo version: 2.7.3, current host: 172.16.42.102
[easypay-transaction-service] 2021-10-19 17:32:46,814 INFO [Thread-11][Server.java:112] -  [DUBBO] qos-server stopped., dubbo version: 2.7.3, current host: 172.16.42.102
[easypay-transaction-service] 2021-10-19 17:32:46,814 INFO [Thread-11][AbstractProtocol.java:79] -  [DUBBO] Unexport service: injvm://127.0.0.1/ink.breakpoint.easypay.transaction.api.PayChannelService?anyhost=true&application=transaction-service&bean.name=ServiceBean:ink.breakpoint.easypay.transaction.api.PayChannelService&bind.ip=172.16.42.102&bind.port=20893&deprecated=false&dubbo=2.0.2&dynamic=true&generic=false&interface=ink.breakpoint.easypay.transaction.api.PayChannelService&methods=queryPayChannelParamByAppAndPlatform,queryParamByAppPlatformAndPayChannel,queryPlatformChannel,bindPlatformChannelForApp,queryPayChannelByPlatformChannel,queryAppBindPlatformChannel,savePayChannelParam&pid=15856&qos.enable=false&qos.port=22250&register=true&release=2.7.3&side=provider&timestamp=1634635965731, dubbo version: 2.7.3, current host: 172.16.42.102
[easypay-transaction-service] 2021-10-19 17:32:46,815 INFO [Thread-11][AbstractRegistry.java:291] -  [DUBBO] Unregister: dubbo://172.16.42.102:20893/ink.breakpoint.easypay.transaction.api.PayChannelService?anyhost=true&application=transaction-service&bean.name=ServiceBean:ink.breakpoint.easypay.transaction.api.PayChannelService&deprecated=false&dubbo=2.0.2&dynamic=true&generic=false&interface=ink.breakpoint.easypay.transaction.api.PayChannelService&methods=queryPayChannelParamByAppAndPlatform,queryParamByAppPlatformAndPayChannel,queryPlatformChannel,bindPlatformChannelForApp,queryPayChannelByPlatformChannel,queryAppBindPlatformChannel,savePayChannelParam&pid=15856&register=true&release=2.7.3&side=provider&timestamp=1634635965731, dubbo version: 2.7.3, current host: 172.16.42.102
[easypay-transaction-service] 2021-10-19 17:32:46,815 INFO [Thread-11][AbstractRegistry.java:320] -  [DUBBO] Unsubscribe: provider://172.16.42.102:20893/ink.breakpoint.easypay.transaction.api.PayChannelService?anyhost=true&application=transaction-service&bean.name=ServiceBean:ink.breakpoint.easypay.transaction.api.PayChannelService&bind.ip=172.16.42.102&bind.port=20893&category=configurators&check=false&deprecated=false&dubbo=2.0.2&dynamic=true&generic=false&interface=ink.breakpoint.easypay.transaction.api.PayChannelService&methods=queryPayChannelParamByAppAndPlatform,queryParamByAppPlatformAndPayChannel,queryPlatformChannel,bindPlatformChannelForApp,queryPayChannelByPlatformChannel,queryAppBindPlatformChannel,savePayChannelParam&pid=15856&qos.enable=false&qos.port=22250&register=true&release=2.7.3&side=provider&timestamp=1634635965731, dubbo version: 2.7.3, current host: 172.16.42.102
[easypay-transaction-service] 2021-10-19 17:32:46,816 INFO [Exporter-Unexport-thread-1][RegistryProtocol.java:689] -  [DUBBO] Waiting 10000ms for registry to notify all consumers before unexport. Usually, this is called when you use dubbo API, dubbo version: 2.7.3, current host: 172.16.42.102
[easypay-transaction-service] 2021-10-19 17:32:46,818 INFO [Thread-11][ExecutorConfigurationSupport.java:208] - Shutting down ExecutorService 'applicationTaskExecutor'
[easypay-transaction-service] 2021-10-19 17:32:46,832 INFO [Thread-11][DruidDataSource.java:1885] - {dataSource-1} closing ...
[easypay-transaction-service] 2021-10-19 17:32:46,837 INFO [Thread-11][DruidDataSource.java:1955] - {dataSource-1} closed
[easypay-transaction-service] 2021-10-19 17:32:46,837 INFO [Thread-11][DubboGenericServiceFactory.java:159] - The Dubbo GenericService ReferenceBeans are destroying...
[easypay-transaction-service] 2021-10-19 17:32:46,837 INFO [Thread-11][AnnotationInjectedBeanPostProcessor.java:305] - class org.apache.dubbo.config.spring.beans.factory.annotation.ReferenceAnnotationBeanPostProcessor was destroying!
